# Grow v2.00  output from newsec
H P L A    11 GLY   132  O   <--  N    6131 GLU     1 C  2.81    -
H P L A    32 ASP   293  OD1 <--  O1   6162 1OL     4 C  2.44    -
H P L A    34 GLY   305  O   <--  N    6168 ALA     5 C  2.98    -
H P L A    70 PRO   599  O   <--  N    6173 GLU     6 C  2.91    -
H P L A    72 THR   615  N   -->  O    6167 1OL     4 C  2.93    -
H P L A    73 GLN   622  N   -->  O    6150 ASN     3 C  2.98    -
H P L A   198 TYR  1596  OH  -->  O    6171 ALA     5 C  2.43    -
H P L A   198 TYR  1596  OH  -->  O    6185 PHE     7 C  2.86    -
H P L A   224 LYS  1817  NZ  -->  OXT  6193 PHE     7 C  2.80    -
H P L A   228 ASP  1846  OD2 <--  O1   6162 1OL     4 C  2.56    -
H P L A   230 GLY  1856  O   <--  N    6159 1OL     4 C  2.91    -
H P L A   232 THR  1864  N   -->  O    6143 VAL     2 C  2.89    -
H P L A   232 THR  1869  OG1 <--  N    6140 VAL     2 C  2.87    -
H P L A   235 ARG  1894  NE  -->  OD1  6153 ASN     3 C  3.21    -
H P L A   235 ARG  1897  NH2 -->  OD1  6153 ASN     3 C  3.06    -
H P L B    11 GLY  3186  O   <--  N    6195 GLU     1 D  2.87    -
H P L B    32 ASP  3347  OD1 <--  O1   6226 1OL     4 D  2.51    -
H P L B    34 GLY  3359  O   <--  N    6232 ALA     5 D  2.88    -
H P L B    72 THR  3669  N   -->  O    6231 1OL     4 D  2.86    -
H P L B    73 GLN  3676  N   -->  O    6214 ASN     3 D  3.03    -
H P L B   198 TYR  4650  OH  -->  O    6235 ALA     5 D  2.42    -
H P L B   228 ASP  4900  OD2 <--  O1   6226 1OL     4 D  2.54    -
H P L B   230 GLY  4910  O   <--  N    6223 1OL     4 D  2.94    -
H P L B   232 THR  4918  N   -->  O    6207 VAL     2 D  2.95    -
H P L B   232 THR  4923  OG1 <--  N    6204 VAL     2 D  2.88    -
N P L A    10 SER   126  O   ---  CG2  6146 VAL     2 C  3.60    -
N P L A    11 GLY   131  C   ---  N    6131 GLU     1 C  3.83    -
N P L A    11 GLY   132  O   ---  N    6131 GLU     1 C  2.81    -
N P L A    11 GLY   132  O   ---  CA   6132 GLU     1 C  3.02    -
N P L A    11 GLY   132  O   ---  C    6133 GLU     1 C  3.20    -
N P L A    11 GLY   132  O   ---  O    6134 GLU     1 C  3.76    -
N P L A    11 GLY   132  O   ---  N    6140 VAL     2 C  3.49    -
N P L A    13 GLY   142  N   ---  CG2  6146 VAL     2 C  3.86    -
N P L A    32 ASP   292  CG  ---  O1   6162 1OL     4 C  3.23    -
N P L A    32 ASP   293  OD1 ---  C4   6158 1OL     4 C  3.84    -
N P L A    32 ASP   293  OD1 ---  C6   6161 1OL     4 C  3.59    -
N P L A    32 ASP   293  OD1 ---  O1   6162 1OL     4 C  2.44    -
N P L A    32 ASP   294  OD2 ---  C6   6161 1OL     4 C  3.71    -
N P L A    32 ASP   294  OD2 ---  O1   6162 1OL     4 C  3.31    -
N P L A    34 GLY   305  O   ---  CA   6164 1OL     4 C  3.57    -
N P L A    34 GLY   305  O   ---  C    6166 1OL     4 C  3.76    -
N P L A    34 GLY   305  O   ---  N    6168 ALA     5 C  2.98    -
N P L A    34 GLY   305  O   ---  CB   6172 ALA     5 C  3.72    -
N P L A    35 SER   310  CB  ---  CB   6172 ALA     5 C  3.67    -
N P L A    70 PRO   598  C   ---  CB   6177 GLU     6 C  3.63    -
N P L A    70 PRO   599  O   ---  N    6173 GLU     6 C  2.91    -
N P L A    70 PRO   599  O   ---  CA   6174 GLU     6 C  3.54    -
N P L A    70 PRO   599  O   ---  CB   6177 GLU     6 C  2.97    -
N P L A    70 PRO   599  O   ---  CG   6178 GLU     6 C  3.75    -
N P L A    70 PRO   601  CG  ---  CB   6177 GLU     6 C  3.76    -
N P L A    71 TYR   604  CA  ---  O    6167 1OL     4 C  3.12    -
N P L A    71 TYR   605  C   ---  O    6167 1OL     4 C  3.46    -
N P L A    71 TYR   605  C   ---  CG   6178 GLU     6 C  3.34    -
N P L A    71 TYR   606  O   ---  CG   6178 GLU     6 C  3.26    -
N P L A    71 TYR   607  CB  ---  O    6150 ASN     3 C  3.69    -
N P L A    71 TYR   607  CB  ---  O    6167 1OL     4 C  3.35    -
N P L A    71 TYR   608  CG  ---  C1   6155 1OL     4 C  3.67    -
N P L A    71 TYR   609  CD1 ---  C5   6160 1OL     4 C  3.88    -
N P L A    71 TYR   609  CD1 ---  C6   6161 1OL     4 C  3.81    -
N P L A    71 TYR   609  CD1 ---  C    6166 1OL     4 C  3.77    -
N P L A    71 TYR   609  CD1 ---  O    6167 1OL     4 C  3.73    -
N P L A    71 TYR   609  CD1 ---  N    6168 ALA     5 C  3.71    -
N P L A    71 TYR   609  CD1 ---  CA   6169 ALA     5 C  3.77    -
N P L A    71 TYR   610  CD2 ---  C1   6155 1OL     4 C  3.67    -
N P L A    72 THR   615  N   ---  O    6150 ASN     3 C  3.46    -
N P L A    72 THR   615  N   ---  O    6167 1OL     4 C  2.93    -
N P L A    72 THR   615  N   ---  CG   6178 GLU     6 C  3.73    -
N P L A    72 THR   616  CA  ---  O    6150 ASN     3 C  3.77    -
N P L A    72 THR   617  C   ---  O    6150 ASN     3 C  3.80    -
N P L A    72 THR   619  CB  ---  O    6150 ASN     3 C  3.49    -
N P L A    72 THR   620  OG1 ---  O    6167 1OL     4 C  3.72    -
N P L A    72 THR   621  CG2 ---  CB   6151 ASN     3 C  3.87    -
N P L A    73 GLN   622  N   ---  O    6150 ASN     3 C  2.98    -
N P L A    73 GLN   623  CA  ---  O    6150 ASN     3 C  3.86    -
N P L A    73 GLN   625  O   ---  O    6150 ASN     3 C  3.45    -
N P L A    73 GLN   625  O   ---  C1   6155 1OL     4 C  3.59    -
N P L A    73 GLN   626  CB  ---  CB   6151 ASN     3 C  3.74    -
N P L A    73 GLN   627  CG  ---  CB   6151 ASN     3 C  3.76    -
N P L A   108 PHE   888  CD1 ---  C1   6155 1OL     4 C  3.68    -
N P L A   108 PHE   890  CE1 ---  C1   6155 1OL     4 C  3.61    -
N P L A   110 ILE   911  CD1 ---  CG1  6145 VAL     2 C  3.23    -
N P L A   198 TYR  1593  CE1 ---  O    6171 ALA     5 C  3.35    -
N P L A   198 TYR  1595  CZ  ---  O    6171 ALA     5 C  3.37    -
N P L A   198 TYR  1595  CZ  ---  O    6185 PHE     7 C  3.81    -
N P L A   198 TYR  1596  OH  ---  C    6170 ALA     5 C  3.61    -
N P L A   198 TYR  1596  OH  ---  O    6171 ALA     5 C  2.43    -
N P L A   198 TYR  1596  OH  ---  N    6182 PHE     7 C  3.89    -
N P L A   198 TYR  1596  OH  ---  C    6184 PHE     7 C  3.66    -
N P L A   198 TYR  1596  OH  ---  O    6185 PHE     7 C  2.86    -
N P L A   224 LYS  1816  CE  ---  OXT  6193 PHE     7 C  3.68    -
N P L A   224 LYS  1817  NZ  ---  C    6184 PHE     7 C  3.63    -
N P L A   224 LYS  1817  NZ  ---  OXT  6193 PHE     7 C  2.80    -
N P L A   228 ASP  1844  CG  ---  O1   6162 1OL     4 C  3.24    -
N P L A   228 ASP  1845  OD1 ---  O1   6162 1OL     4 C  3.16    -
N P L A   228 ASP  1846  OD2 ---  C6   6161 1OL     4 C  3.45    -
N P L A   228 ASP  1846  OD2 ---  O1   6162 1OL     4 C  2.56    -
N P L A   228 ASP  1846  OD2 ---  C7   6163 1OL     4 C  3.21    -
N P L A   228 ASP  1846  OD2 ---  CA   6164 1OL     4 C  3.53    -
N P L A   228 ASP  1846  OD2 ---  C9   6165 1OL     4 C  3.65    -
N P L A   230 GLY  1854  CA  ---  O1   6162 1OL     4 C  3.75    -
N P L A   230 GLY  1855  C   ---  N    6159 1OL     4 C  3.88    -
N P L A   230 GLY  1855  C   ---  O1   6162 1OL     4 C  3.64    -
N P L A   230 GLY  1856  O   ---  C    6142 VAL     2 C  3.55    -
N P L A   230 GLY  1856  O   ---  O    6143 VAL     2 C  3.70    -
N P L A   230 GLY  1856  O   ---  CB   6144 VAL     2 C  3.49    -
N P L A   230 GLY  1856  O   ---  CG2  6146 VAL     2 C  3.49    -
N P L A   230 GLY  1856  O   ---  N    6147 ASN     3 C  3.63    -
N P L A   230 GLY  1856  O   ---  CA   6148 ASN     3 C  3.80    -
N P L A   230 GLY  1856  O   ---  C    6149 ASN     3 C  3.84    -
N P L A   230 GLY  1856  O   ---  C4   6158 1OL     4 C  3.58    -
N P L A   230 GLY  1856  O   ---  N    6159 1OL     4 C  2.91    -
N P L A   230 GLY  1856  O   ---  C5   6160 1OL     4 C  3.71    -
N P L A   230 GLY  1856  O   ---  O1   6162 1OL     4 C  3.57    -
N P L A   231 THR  1858  CA  ---  O    6143 VAL     2 C  3.36    -
N P L A   231 THR  1859  C   ---  O    6143 VAL     2 C  3.60    -
N P L A   231 THR  1862  OG1 ---  CA   6148 ASN     3 C  3.87    -
N P L A   231 THR  1863  CG2 ---  OD1  6153 ASN     3 C  3.70    -
N P L A   232 THR  1864  N   ---  O    6143 VAL     2 C  2.89    -
N P L A   232 THR  1864  N   ---  CG2  6146 VAL     2 C  3.89    -
N P L A   232 THR  1868  CB  ---  CG   6136 GLU     1 C  3.81    -
N P L A   232 THR  1868  CB  ---  O    6143 VAL     2 C  3.84    -
N P L A   232 THR  1869  OG1 ---  CA   6132 GLU     1 C  3.48    -
N P L A   232 THR  1869  OG1 ---  C    6133 GLU     1 C  3.63    -
N P L A   232 THR  1869  OG1 ---  CG   6136 GLU     1 C  3.67    -
N P L A   232 THR  1869  OG1 ---  N    6140 VAL     2 C  2.87    -
N P L A   232 THR  1869  OG1 ---  CA   6141 VAL     2 C  3.87    -
N P L A   232 THR  1869  OG1 ---  O    6143 VAL     2 C  3.46    -
N P L A   232 THR  1869  OG1 ---  CG2  6146 VAL     2 C  3.32    -
N P L A   233 ASN  1878  ND2 ---  OE2  6139 GLU     1 C  3.77    -
N P L A   235 ARG  1894  NE  ---  OD1  6153 ASN     3 C  3.21    -
N P L A   235 ARG  1895  CZ  ---  OD1  6153 ASN     3 C  3.57    -
N P L A   235 ARG  1897  NH2 ---  CG   6152 ASN     3 C  3.41    -
N P L A   235 ARG  1897  NH2 ---  OD1  6153 ASN     3 C  3.06    -
N P L A   235 ARG  1897  NH2 ---  ND2  6154 ASN     3 C  3.83    -
N P L A   329 THR  2640  CB  ---  CB   6186 PHE     7 C  3.81    -
N P L A   329 THR  2642  CG2 ---  CB   6186 PHE     7 C  3.06    -
N P L A   329 THR  2642  CG2 ---  CD2  6189 PHE     7 C  3.87    -
N P L B    10 SER  3180  O   ---  CG2  6210 VAL     2 D  3.68    -
N P L B    11 GLY  3185  C   ---  N    6195 GLU     1 D  3.88    -
N P L B    11 GLY  3186  O   ---  N    6195 GLU     1 D  2.87    -
N P L B    11 GLY  3186  O   ---  CA   6196 GLU     1 D  3.06    -
N P L B    11 GLY  3186  O   ---  C    6197 GLU     1 D  3.25    -
N P L B    11 GLY  3186  O   ---  O    6198 GLU     1 D  3.81    -
N P L B    11 GLY  3186  O   ---  N    6204 VAL     2 D  3.55    -
N P L B    32 ASP  3346  CG  ---  O1   6226 1OL     4 D  3.26    -
N P L B    32 ASP  3347  OD1 ---  C6   6225 1OL     4 D  3.62    -
N P L B    32 ASP  3347  OD1 ---  O1   6226 1OL     4 D  2.51    -
N P L B    32 ASP  3348  OD2 ---  C4   6222 1OL     4 D  3.85    -
N P L B    32 ASP  3348  OD2 ---  C6   6225 1OL     4 D  3.61    -
N P L B    32 ASP  3348  OD2 ---  O1   6226 1OL     4 D  3.26    -
N P L B    34 GLY  3359  O   ---  CA   6228 1OL     4 D  3.44    -
N P L B    34 GLY  3359  O   ---  C    6230 1OL     4 D  3.64    -
N P L B    34 GLY  3359  O   ---  N    6232 ALA     5 D  2.88    -
N P L B    35 SER  3364  CB  ---  CB   6236 ALA     5 D  3.69    -
N P L B    70 PRO  3653  O   ---  CA   6233 ALA     5 D  3.84    -
N P L B    70 PRO  3653  O   ---  N    6237 GLU     6 D  3.44    -
N P L B    70 PRO  3654  CB  ---  O    6249 PHE     7 D  3.86    -
N P L B    71 TYR  3658  CA  ---  O    6231 1OL     4 D  3.02    -
N P L B    71 TYR  3659  C   ---  O    6231 1OL     4 D  3.37    -
N P L B    71 TYR  3659  C   ---  OXT  6257 PHE     7 D  3.76    -
N P L B    71 TYR  3660  O   ---  C    6248 PHE     7 D  3.75    -
N P L B    71 TYR  3660  O   ---  OXT  6257 PHE     7 D  3.09    -
N P L B    71 TYR  3661  CB  ---  O    6214 ASN     3 D  3.69    -
N P L B    71 TYR  3661  CB  ---  O    6231 1OL     4 D  3.28    -
N P L B    71 TYR  3662  CG  ---  C1   6219 1OL     4 D  3.71    -
N P L B    71 TYR  3663  CD1 ---  C5   6224 1OL     4 D  3.86    -
N P L B    71 TYR  3663  CD1 ---  C6   6225 1OL     4 D  3.83    -
N P L B    71 TYR  3663  CD1 ---  C    6230 1OL     4 D  3.78    -
N P L B    71 TYR  3663  CD1 ---  O    6231 1OL     4 D  3.67    -
N P L B    71 TYR  3663  CD1 ---  N    6232 ALA     5 D  3.86    -
N P L B    71 TYR  3664  CD2 ---  C1   6219 1OL     4 D  3.72    -
N P L B    72 THR  3669  N   ---  O    6214 ASN     3 D  3.44    -
N P L B    72 THR  3669  N   ---  O    6231 1OL     4 D  2.86    -
N P L B    72 THR  3670  CA  ---  O    6214 ASN     3 D  3.80    -
N P L B    72 THR  3670  CA  ---  CD2  6253 PHE     7 D  3.86    -
N P L B    72 THR  3670  CA  ---  OXT  6257 PHE     7 D  3.82    -
N P L B    72 THR  3671  C   ---  O    6214 ASN     3 D  3.85    -
N P L B    72 THR  3673  CB  ---  O    6214 ASN     3 D  3.56    -
N P L B    72 THR  3674  OG1 ---  O    6231 1OL     4 D  3.73    -
N P L B    72 THR  3674  OG1 ---  CD2  6253 PHE     7 D  3.78    -
N P L B    72 THR  3675  CG2 ---  CD2  6253 PHE     7 D  3.87    -
N P L B    73 GLN  3676  N   ---  O    6214 ASN     3 D  3.03    -
N P L B    73 GLN  3679  O   ---  O    6214 ASN     3 D  3.50    -
N P L B    73 GLN  3679  O   ---  C1   6219 1OL     4 D  3.62    -
N P L B    73 GLN  3680  CB  ---  CB   6215 ASN     3 D  3.74    -
N P L B   108 PHE  3942  CD1 ---  C1   6219 1OL     4 D  3.70    -
N P L B   108 PHE  3944  CE1 ---  C1   6219 1OL     4 D  3.69    -
N P L B   126 ILE  4084  CG2 ---  OE2  6245 GLU     6 D  3.82    -
N P L B   198 TYR  4647  CE1 ---  O    6235 ALA     5 D  3.21    -
N P L B   198 TYR  4649  CZ  ---  O    6235 ALA     5 D  3.23    -
N P L B   198 TYR  4650  OH  ---  C    6234 ALA     5 D  3.38    -
N P L B   198 TYR  4650  OH  ---  O    6235 ALA     5 D  2.42    -
N P L B   198 TYR  4650  OH  ---  CA   6238 GLU     6 D  3.82    -
N P L B   198 TYR  4650  OH  ---  CB   6241 GLU     6 D  2.72    -
N P L B   198 TYR  4650  OH  ---  CG   6242 GLU     6 D  3.17    -
N P L B   198 TYR  4650  OH  ---  CD   6243 GLU     6 D  3.81    -
N P L B   198 TYR  4650  OH  ---  OE2  6245 GLU     6 D  3.87    -
N P L B   228 ASP  4898  CG  ---  O1   6226 1OL     4 D  3.19    -
N P L B   228 ASP  4899  OD1 ---  O1   6226 1OL     4 D  3.10    -
N P L B   228 ASP  4900  OD2 ---  C6   6225 1OL     4 D  3.46    -
N P L B   228 ASP  4900  OD2 ---  O1   6226 1OL     4 D  2.54    -
N P L B   228 ASP  4900  OD2 ---  C7   6227 1OL     4 D  3.25    -
N P L B   228 ASP  4900  OD2 ---  CA   6228 1OL     4 D  3.60    -
N P L B   228 ASP  4900  OD2 ---  C9   6229 1OL     4 D  3.72    -
N P L B   230 GLY  4908  CA  ---  O1   6226 1OL     4 D  3.77    -
N P L B   230 GLY  4909  C   ---  N    6223 1OL     4 D  3.86    -
N P L B   230 GLY  4909  C   ---  O1   6226 1OL     4 D  3.64    -
N P L B   230 GLY  4910  O   ---  C    6206 VAL     2 D  3.65    -
N P L B   230 GLY  4910  O   ---  O    6207 VAL     2 D  3.73    -
N P L B   230 GLY  4910  O   ---  CB   6208 VAL     2 D  3.52    -
N P L B   230 GLY  4910  O   ---  CG2  6210 VAL     2 D  3.43    -
N P L B   230 GLY  4910  O   ---  N    6211 ASN     3 D  3.74    -
N P L B   230 GLY  4910  O   ---  CA   6212 ASN     3 D  3.89    -
N P L B   230 GLY  4910  O   ---  C    6213 ASN     3 D  3.89    -
N P L B   230 GLY  4910  O   ---  C4   6222 1OL     4 D  3.66    -
N P L B   230 GLY  4910  O   ---  N    6223 1OL     4 D  2.94    -
N P L B   230 GLY  4910  O   ---  C5   6224 1OL     4 D  3.73    -
N P L B   230 GLY  4910  O   ---  O1   6226 1OL     4 D  3.61    -
N P L B   231 THR  4912  CA  ---  O    6207 VAL     2 D  3.40    -
N P L B   231 THR  4913  C   ---  O    6207 VAL     2 D  3.63    -
N P L B   231 THR  4917  CG2 ---  ND2  6218 ASN     3 D  3.57    -
N P L B   232 THR  4918  N   ---  O    6207 VAL     2 D  2.95    -
N P L B   232 THR  4922  CB  ---  CG   6200 GLU     1 D  3.77    -
N P L B   232 THR  4923  OG1 ---  CA   6196 GLU     1 D  3.50    -
N P L B   232 THR  4923  OG1 ---  C    6197 GLU     1 D  3.65    -
N P L B   232 THR  4923  OG1 ---  CG   6200 GLU     1 D  3.66    -
N P L B   232 THR  4923  OG1 ---  N    6204 VAL     2 D  2.88    -
N P L B   232 THR  4923  OG1 ---  CA   6205 VAL     2 D  3.89    -
N P L B   232 THR  4923  OG1 ---  O    6207 VAL     2 D  3.52    -
N P L B   232 THR  4923  OG1 ---  CG2  6210 VAL     2 D  3.29    -
N P L B   233 ASN  4932  ND2 ---  OE2  6203 GLU     1 D  3.82    -
N P L B   235 ARG  4947  CD  ---  ND2  6218 ASN     3 D  3.30    -
N P L B   235 ARG  4949  CZ  ---  ND2  6218 ASN     3 D  3.85    -
N P L B   235 ARG  4950  NH1 ---  CG   6216 ASN     3 D  3.40    -
N P L B   235 ARG  4950  NH1 ---  OD1  6217 ASN     3 D  3.86    -
N P L B   235 ARG  4950  NH1 ---  ND2  6218 ASN     3 D  2.90    -
N P L B   328 SER  5689  OG  ---  CE2  6255 PHE     7 D  3.83    -
N P L B   328 SER  5689  OG  ---  CZ   6256 PHE     7 D  3.34    -
N P L B   329 THR  5696  CG2 ---  CG   6251 PHE     7 D  3.79    -
N P L B   329 THR  5696  CG2 ---  CD1  6252 PHE     7 D  3.83    -
N P L B   329 THR  5696  CG2 ---  CD2  6253 PHE     7 D  3.80    -
N P L B   329 THR  5696  CG2 ---  CE1  6254 PHE     7 D  3.90    -
N P L B   329 THR  5696  CG2 ---  CE2  6255 PHE     7 D  3.86    -
