# Grow v2.00  output from newsec
H P L A   284 SER     1  N   -->  O    6631 GLY   283 C  2.44    -
H P L A   361 THR   496  OG1 -->  O    6624 VAL   282 C  3.34    -
H P L A   362 ASN   505  ND2 -->  O    6631 GLY   283 C  3.19    -
H P L B   284 SER  3295  N   -->  O    6685 GLY   283 D  2.30    -
H P L B   717 ILE  6444  O   <--  OG   6691 SER   738 D  2.55    -
H P L B   718 THR  6454  OG1 -->  O    6689 SER   738 D  2.64    -
N P L A   284 SER     1  N   ---  C    6630 GLY   283 C  3.00    -
N P L A   284 SER     1  N   ---  O    6631 GLY   283 C  2.44    -
N P L A   284 SER     1  N   ---  N    6632 SER   738 C  3.43    -
N P L A   284 SER     1  N   ---  CA   6633 SER   738 C  3.55    -
N P L A   284 SER     1  N   ---  CB   6636 SER   738 C  2.71    -
N P L A   284 SER     1  N   ---  OG   6637 SER   738 C  3.13    -
N P L A   284 SER     2  CA  ---  O    6631 GLY   283 C  3.69    -
N P L A   284 SER     2  CA  ---  CA   6633 SER   738 C  3.84    -
N P L A   284 SER     2  CA  ---  CB   6636 SER   738 C  3.17    -
N P L A   284 SER     2  CA  ---  OG   6637 SER   738 C  2.98    -
N P L A   284 SER     5  CB  ---  C    6630 GLY   283 C  3.78    -
N P L A   284 SER     5  CB  ---  N    6632 SER   738 C  3.66    -
N P L A   284 SER     5  CB  ---  CB   6636 SER   738 C  3.86    -
N P L A   284 SER     5  CB  ---  OG   6637 SER   738 C  3.81    -
N P L A   284 SER     6  OG  ---  CA   6629 GLY   283 C  3.58    -
N P L A   284 SER     6  OG  ---  C    6630 GLY   283 C  2.95    -
N P L A   284 SER     6  OG  ---  O    6631 GLY   283 C  3.54    -
N P L A   284 SER     6  OG  ---  N    6632 SER   738 C  2.48    -
N P L A   284 SER     6  OG  ---  CA   6633 SER   738 C  2.88    -
N P L A   284 SER     6  OG  ---  CB   6636 SER   738 C  3.29    -
N P L A   284 SER     6  OG  ---  OG   6637 SER   738 C  3.51    -
N P L A   285 PHE    13  CD1 ---  OG   6637 SER   738 C  3.69    -
N P L A   285 PHE    15  CE1 ---  OG   6637 SER   738 C  3.06    -
N P L A   285 PHE    17  CZ  ---  OG   6637 SER   738 C  3.61    -
N P L A   322 LYS   290  CE  ---  OE2  6650 GLU   740 C  3.67    -
N P L A   324 PRO   304  CB  ---  CG1  6626 VAL   282 C  3.84    -
N P L A   324 PRO   304  CB  ---  CG2  6627 VAL   282 C  3.45    -
N P L A   324 PRO   305  CG  ---  CG2  6627 VAL   282 C  3.58    -
N P L A   359 ASN   483  CG  ---  O    6631 GLY   283 C  3.78    -
N P L A   359 ASN   484  OD1 ---  O    6631 GLY   283 C  3.72    -
N P L A   359 ASN   485  ND2 ---  CA   6629 GLY   283 C  2.76    -
N P L A   359 ASN   485  ND2 ---  C    6630 GLY   283 C  2.97    -
N P L A   359 ASN   485  ND2 ---  O    6631 GLY   283 C  2.99    -
N P L A   359 ASN   485  ND2 ---  N    6632 SER   738 C  3.87    -
N P L A   361 THR   496  OG1 ---  O    6624 VAL   282 C  3.34    -
N P L A   361 THR   497  CG2 ---  O    6624 VAL   282 C  3.80    -
N P L A   362 ASN   505  ND2 ---  O    6631 GLY   283 C  3.19    -
N P L A   363 GLU   512  CD  ---  NH2  6661 ARG   741 C  3.80    -
N P L A   363 GLU   513  OE1 ---  NH2  6661 ARG   741 C  3.34    -
N P L A   363 GLU   514  OE2 ---  CZ   6659 ARG   741 C  3.75    -
N P L A   363 GLU   514  OE2 ---  NH2  6661 ARG   741 C  3.55    -
N P L A   714 TYR  3110  OH  ---  CG1  6626 VAL   282 C  3.45    -
N P L A   716 GLY  3124  CA  ---  CA   6633 SER   738 C  3.52    -
N P L A   716 GLY  3124  CA  ---  CB   6636 SER   738 C  3.78    -
N P L A   716 GLY  3124  CA  ---  OG   6637 SER   738 C  2.93    -
N P L A   716 GLY  3125  C   ---  OG   6637 SER   738 C  3.64    -
N P L A   717 ILE  3127  N   ---  OG   6637 SER   738 C  3.35    -
N P L A   718 THR  3135  N   ---  C    6634 SER   738 C  3.82    -
N P L A   718 THR  3135  N   ---  O    6635 SER   738 C  3.13    -
N P L A   718 THR  3136  CA  ---  O    6635 SER   738 C  3.22    -
N P L A   718 THR  3140  OG1 ---  C    6634 SER   738 C  3.56    -
N P L A   718 THR  3140  OG1 ---  O    6635 SER   738 C  3.58    -
N P L A   718 THR  3140  OG1 ---  N    6638 GLY   739 C  3.37    -
N P L A   718 THR  3140  OG1 ---  CA   6639 GLY   739 C  3.20    -
N P L A   718 THR  3141  CG2 ---  CA   6639 GLY   739 C  3.85    -
N P L A   737 ASN  3286  CA  ---  O    6635 SER   738 C  3.16    -
N P L A   737 ASN  3287  C   ---  CA   6633 SER   738 C  3.79    -
N P L A   737 ASN  3287  C   ---  C    6634 SER   738 C  2.96    -
N P L A   737 ASN  3287  C   ---  O    6635 SER   738 C  2.49    -
N P L A   737 ASN  3287  C   ---  CB   6636 SER   738 C  3.43    -
N P L A   737 ASN  3287  C   ---  N    6638 GLY   739 C  3.55    -
N P L A   737 ASN  3287  C   ---  CA   6639 GLY   739 C  3.86    -
N P L A   737 ASN  3288  O   ---  O    6631 GLY   283 C  3.32    -
N P L A   737 ASN  3288  O   ---  CA   6633 SER   738 C  3.28    -
N P L A   737 ASN  3288  O   ---  C    6634 SER   738 C  2.92    -
N P L A   737 ASN  3288  O   ---  O    6635 SER   738 C  2.88    -
N P L A   737 ASN  3288  O   ---  CB   6636 SER   738 C  2.64    -
N P L A   737 ASN  3288  O   ---  OG   6637 SER   738 C  3.69    -
N P L A   737 ASN  3288  O   ---  N    6638 GLY   739 C  3.55    -
N P L A   737 ASN  3289  CB  ---  O    6635 SER   738 C  3.33    -
N P L A   737 ASN  3290  CG  ---  O    6635 SER   738 C  3.68    -
N P L A   737 ASN  3291  OD1 ---  O    6635 SER   738 C  3.75    -
N P L A   737 ASN  3293  OXT ---  C    6634 SER   738 C  2.77    -
N P L A   737 ASN  3293  OXT ---  O    6635 SER   738 C  2.39    -
N P L A   737 ASN  3293  OXT ---  N    6638 GLY   739 C  2.94    -
N P L A   737 ASN  3293  OXT ---  CA   6639 GLY   739 C  2.85    -
N P L B   284 SER  3295  N   ---  C    6684 GLY   283 D  3.31    -
N P L B   284 SER  3295  N   ---  O    6685 GLY   283 D  2.30    -
N P L B   284 SER  3295  N   ---  CB   6690 SER   738 D  3.11    -
N P L B   284 SER  3296  CA  ---  O    6685 GLY   283 D  3.41    -
N P L B   284 SER  3299  CB  ---  C    6684 GLY   283 D  3.80    -
N P L B   284 SER  3299  CB  ---  O    6685 GLY   283 D  3.44    -
N P L B   284 SER  3300  OG  ---  CA   6683 GLY   283 D  3.86    -
N P L B   284 SER  3300  OG  ---  C    6684 GLY   283 D  3.05    -
N P L B   284 SER  3300  OG  ---  O    6685 GLY   283 D  3.05    -
N P L B   284 SER  3300  OG  ---  N    6686 SER   738 D  3.18    -
N P L B   284 SER  3300  OG  ---  CA   6687 SER   738 D  3.40    -
N P L B   284 SER  3300  OG  ---  CB   6690 SER   738 D  3.68    -
N P L B   359 ASN  3766  ND2 ---  CA   6683 GLY   283 D  3.63    -
N P L B   359 ASN  3766  ND2 ---  C    6684 GLY   283 D  3.84    -
N P L B   359 ASN  3766  ND2 ---  O    6685 GLY   283 D  3.52    -
N P L B   361 THR  3778  CG2 ---  O    6678 VAL   282 D  3.62    -
N P L B   361 THR  3778  CG2 ---  CA   6683 GLY   283 D  3.44    -
N P L B   363 GLU  3793  CD  ---  CZ   6713 ARG   741 D  3.87    -
N P L B   363 GLU  3793  CD  ---  NH2  6715 ARG   741 D  3.07    -
N P L B   363 GLU  3794  OE1 ---  NH2  6715 ARG   741 D  2.80    -
N P L B   363 GLU  3795  OE2 ---  CZ   6713 ARG   741 D  3.53    -
N P L B   363 GLU  3795  OE2 ---  NH1  6714 ARG   741 D  3.89    -
N P L B   363 GLU  3795  OE2 ---  NH2  6715 ARG   741 D  2.95    -
N P L B   714 TYR  6424  OH  ---  O    6678 VAL   282 D  3.60    -
N P L B   717 ILE  6441  N   ---  OG   6691 SER   738 D  3.72    -
N P L B   717 ILE  6443  C   ---  OG   6691 SER   738 D  3.70    -
N P L B   717 ILE  6444  O   ---  O    6689 SER   738 D  3.22    -
N P L B   717 ILE  6444  O   ---  CB   6690 SER   738 D  3.85    -
N P L B   717 ILE  6444  O   ---  OG   6691 SER   738 D  2.55    -
N P L B   718 THR  6450  CA  ---  O    6689 SER   738 D  3.67    -
N P L B   718 THR  6453  CB  ---  O    6689 SER   738 D  3.60    -
N P L B   718 THR  6454  OG1 ---  C    6688 SER   738 D  3.63    -
N P L B   718 THR  6454  OG1 ---  O    6689 SER   738 D  2.64    -
N P L B   737 ASN  6600  CA  ---  CB   6690 SER   738 D  3.50    -
N P L B   737 ASN  6600  CA  ---  OG   6691 SER   738 D  2.92    -
N P L B   737 ASN  6601  C   ---  CA   6687 SER   738 D  3.83    -
N P L B   737 ASN  6601  C   ---  C    6688 SER   738 D  3.51    -
N P L B   737 ASN  6601  C   ---  O    6689 SER   738 D  3.67    -
N P L B   737 ASN  6601  C   ---  CB   6690 SER   738 D  3.00    -
N P L B   737 ASN  6601  C   ---  OG   6691 SER   738 D  3.01    -
N P L B   737 ASN  6601  C   ---  N    6692 GLY   739 D  3.82    -
N P L B   737 ASN  6602  O   ---  CA   6687 SER   738 D  3.63    -
N P L B   737 ASN  6602  O   ---  C    6688 SER   738 D  2.85    -
N P L B   737 ASN  6602  O   ---  O    6689 SER   738 D  2.96    -
N P L B   737 ASN  6602  O   ---  CB   6690 SER   738 D  3.30    -
N P L B   737 ASN  6602  O   ---  OG   6691 SER   738 D  3.35    -
N P L B   737 ASN  6602  O   ---  N    6692 GLY   739 D  2.94    -
N P L B   737 ASN  6602  O   ---  CA   6693 GLY   739 D  3.25    -
N P L B   737 ASN  6603  CB  ---  O    6689 SER   738 D  3.61    -
N P L B   737 ASN  6603  CB  ---  OG   6691 SER   738 D  3.15    -
N P L B   737 ASN  6607  OXT ---  CB   6690 SER   738 D  3.07    -
N P L B   737 ASN  6607  OXT ---  OG   6691 SER   738 D  3.52    -
