# Grow v2.00  output from newsec
H P L A     5 ASN    36  OD1 <--  N    1573 NH2   509 B  2.94    -
H P L A     6 TRP    46  NE1 -->  O    1552 ALA   506 B  3.25    -
H P L A    44 GLY   292  O   <--  N    1562 ARG   508 B  3.31    -
H P L A    53 GLN   359  NE2 -->  OH1  1537 TA2   505 B  2.81    -
H P L A    69 GLU   497  OE1 <--  OH1  1537 TA2   505 B  3.09    -
H P L A    69 GLU   498  OE2 <--  O    1540 TA2   505 B  3.11    -
H P L A   136 GLU   985  OE2 <--  N    1549 ALA   506 B  3.33    -
H P L A   139 GLU  1005  N   -->  O    1529 PHE   504 B  2.87    -
H P L A   139 GLU  1008  O   <--  N    1526 PHE   504 B  2.66    -
H P L A   141 CYS  1023  N   -->  O    1509 PHE   502 B  2.70    -
H P L A   141 CYS  1026  O   <--  N    1506 PHE   502 B  2.64    -
N P L A     5 ASN    36  OD1 ---  C    1564 ARG   508 B  3.89    -
N P L A     5 ASN    36  OD1 ---  N    1573 NH2   509 B  2.94    -
N P L A     5 ASN    37  ND2 ---  O    1557 LEU   507 B  3.74    -
N P L A     6 TRP    45  CD2 ---  CA   1563 ARG   508 B  3.87    -
N P L A     6 TRP    45  CD2 ---  CB   1566 ARG   508 B  3.54    -
N P L A     6 TRP    45  CD2 ---  CG   1567 ARG   508 B  3.74    -
N P L A     6 TRP    46  NE1 ---  O    1552 ALA   506 B  3.25    -
N P L A     6 TRP    46  NE1 ---  N    1562 ARG   508 B  3.87    -
N P L A     6 TRP    46  NE1 ---  CA   1563 ARG   508 B  3.69    -
N P L A     6 TRP    47  CE2 ---  O    1552 ALA   506 B  3.62    -
N P L A     6 TRP    47  CE2 ---  N    1562 ARG   508 B  3.58    -
N P L A     6 TRP    47  CE2 ---  CA   1563 ARG   508 B  3.48    -
N P L A     6 TRP    47  CE2 ---  CB   1566 ARG   508 B  3.60    -
N P L A     6 TRP    48  CE3 ---  CB   1566 ARG   508 B  3.61    -
N P L A     6 TRP    48  CE3 ---  CG   1567 ARG   508 B  3.79    -
N P L A     6 TRP    48  CE3 ---  CD   1568 ARG   508 B  3.75    -
N P L A     6 TRP    49  CZ2 ---  O    1552 ALA   506 B  3.33    -
N P L A     6 TRP    49  CZ2 ---  C    1556 LEU   507 B  3.85    -
N P L A     6 TRP    49  CZ2 ---  N    1562 ARG   508 B  3.32    -
N P L A     6 TRP    49  CZ2 ---  CA   1563 ARG   508 B  3.72    -
N P L A     6 TRP    49  CZ2 ---  CB   1566 ARG   508 B  3.75    -
N P L A     6 TRP    50  CZ3 ---  CB   1566 ARG   508 B  3.73    -
N P L A     6 TRP    51  CH2 ---  CB   1566 ARG   508 B  3.80    -
N P L A    37 THR   240  CB  ---  CE1  1547 TA2   505 B  3.63    -
N P L A    37 THR   241  OG1 ---  CE1  1547 TA2   505 B  3.54    -
N P L A    37 THR   242  CG2 ---  CE1  1547 TA2   505 B  3.68    -
N P L A    44 GLY   290  CA  ---  CD2  1561 LEU   507 B  3.83    -
N P L A    44 GLY   292  O   ---  CA   1555 LEU   507 B  3.87    -
N P L A    44 GLY   292  O   ---  CD2  1561 LEU   507 B  3.68    -
N P L A    44 GLY   292  O   ---  N    1562 ARG   508 B  3.31    -
N P L A    45 ASP   299  OD1 ---  CD   1568 ARG   508 B  3.55    -
N P L A    45 ASP   299  OD1 ---  NH1  1571 ARG   508 B  3.60    -
N P L A    53 GLN   357  CD  ---  OH1  1537 TA2   505 B  3.72    -
N P L A    53 GLN   359  NE2 ---  OH1  1537 TA2   505 B  2.81    -
N P L A    53 GLN   359  NE2 ---  COH  1538 TA2   505 B  3.77    -
N P L A    57 ASP   387  CG  ---  CZ   1546 TA2   505 B  3.46    -
N P L A    57 ASP   388  OD1 ---  CZ   1546 TA2   505 B  3.00    -
N P L A    57 ASP   388  OD1 ---  CE1  1547 TA2   505 B  3.14    -
N P L A    57 ASP   389  OD2 ---  CZ   1546 TA2   505 B  3.25    -
N P L A    59 TYR   414  CZ  ---  CE   1524 LYS   503 B  3.86    -
N P L A    59 TYR   415  OH  ---  CD   1523 LYS   503 B  3.55    -
N P L A    59 TYR   415  OH  ---  CE   1524 LYS   503 B  2.77    -
N P L A    67 TRP   472  NE1 ---  CZ   1546 TA2   505 B  3.60    -
N P L A    67 TRP   472  NE1 ---  CE1  1547 TA2   505 B  3.55    -
N P L A    67 TRP   473  CE2 ---  CE1  1547 TA2   505 B  3.56    -
N P L A    67 TRP   475  CZ2 ---  CE1  1547 TA2   505 B  3.56    -
N P L A    69 GLU   496  CD  ---  OH1  1537 TA2   505 B  3.52    -
N P L A    69 GLU   497  OE1 ---  OH1  1537 TA2   505 B  3.09    -
N P L A    69 GLU   498  OE2 ---  OH1  1537 TA2   505 B  3.42    -
N P L A    69 GLU   498  OE2 ---  O    1540 TA2   505 B  3.11    -
N P L A    71 TYR   522  CE2 ---  CE1  1534 PHE   504 B  3.44    -
N P L A    71 TYR   524  OH  ---  CG   1559 LEU   507 B  3.79    -
N P L A    71 TYR   524  OH  ---  CD1  1560 LEU   507 B  3.50    -
N P L A    74 VAL   546  CG1 ---  O    1576 ACY   437 A  3.30    -
N P L A    74 VAL   547  CG2 ---  O    1576 ACY   437 A  3.78    -
N P L A   116 LYS   832  CE  ---  O    1576 ACY   437 A  3.70    -
N P L A   116 LYS   833  NZ  ---  O    1576 ACY   437 A  3.44    -
N P L A   118 PHE   841  CA  ---  OXT  1577 ACY   437 A  3.77    -
N P L A   119 SER   851  N   ---  OXT  1577 ACY   437 A  3.37    -
N P L A   119 SER   854  O   ---  OXT  1577 ACY   437 A  3.63    -
N P L A   121 GLU   873  OE2 ---  C    1575 ACY   437 A  3.19    -
N P L A   121 GLU   873  OE2 ---  OXT  1577 ACY   437 A  3.03    -
N P L A   121 GLU   873  OE2 ---  CH3  1578 ACY   437 A  3.32    -
N P L A   136 GLU   985  OE2 ---  N    1549 ALA   506 B  3.33    -
N P L A   138 PHE   998  CB  ---  O    1529 PHE   504 B  3.72    -
N P L A   138 PHE   998  CB  ---  CA   1541 TA2   505 B  3.81    -
N P L A   138 PHE   998  CB  ---  CG   1543 TA2   505 B  3.61    -
N P L A   138 PHE   998  CB  ---  CD1  1548 TA2   505 B  3.68    -
N P L A   138 PHE  1001  CD2 ---  CE1  1547 TA2   505 B  3.86    -
N P L A   139 GLU  1005  N   ---  O    1529 PHE   504 B  2.87    -
N P L A   139 GLU  1006  CA  ---  O    1529 PHE   504 B  3.44    -
N P L A   139 GLU  1007  C   ---  N    1526 PHE   504 B  3.68    -
N P L A   139 GLU  1007  C   ---  O    1529 PHE   504 B  3.74    -
N P L A   139 GLU  1008  O   ---  CA   1518 LYS   503 B  3.43    -
N P L A   139 GLU  1008  O   ---  C    1519 LYS   503 B  3.47    -
N P L A   139 GLU  1008  O   ---  N    1526 PHE   504 B  2.66    -
N P L A   139 GLU  1008  O   ---  CA   1527 PHE   504 B  3.53    -
N P L A   139 GLU  1008  O   ---  C    1528 PHE   504 B  3.57    -
N P L A   139 GLU  1008  O   ---  O    1529 PHE   504 B  3.29    -
N P L A   139 GLU  1008  O   ---  CB   1530 PHE   504 B  3.75    -
N P L A   139 GLU  1009  CB  ---  O    1529 PHE   504 B  3.37    -
N P L A   139 GLU  1009  CB  ---  CB   1530 PHE   504 B  3.75    -
N P L A   139 GLU  1012  OE1 ---  CD2  1533 PHE   504 B  3.14    -
N P L A   139 GLU  1012  OE1 ---  CE2  1535 PHE   504 B  3.60    -
N P L A   139 GLU  1012  OE1 ---  CB   1553 ALA   506 B  3.80    -
N P L A   140 GLU  1015  CA  ---  O    1509 PHE   502 B  3.46    -
N P L A   140 GLU  1016  C   ---  O    1509 PHE   502 B  3.52    -
N P L A   140 GLU  1020  CD  ---  O    1509 PHE   502 B  3.54    -
N P L A   140 GLU  1020  CD  ---  CG   1522 LYS   503 B  3.88    -
N P L A   140 GLU  1021  OE1 ---  CG   1522 LYS   503 B  3.17    -
N P L A   140 GLU  1022  OE2 ---  N    1506 PHE   502 B  3.60    -
N P L A   140 GLU  1022  OE2 ---  CA   1507 PHE   502 B  3.61    -
N P L A   140 GLU  1022  OE2 ---  C    1508 PHE   502 B  3.09    -
N P L A   140 GLU  1022  OE2 ---  O    1509 PHE   502 B  2.96    -
N P L A   140 GLU  1022  OE2 ---  N    1517 LYS   503 B  3.61    -
N P L A   140 GLU  1022  OE2 ---  CG   1522 LYS   503 B  3.87    -
N P L A   141 CYS  1023  N   ---  O    1509 PHE   502 B  2.70    -
N P L A   141 CYS  1024  CA  ---  O    1509 PHE   502 B  3.67    -
N P L A   141 CYS  1025  C   ---  N    1506 PHE   502 B  3.88    -
N P L A   141 CYS  1025  C   ---  O    1509 PHE   502 B  3.85    -
N P L A   141 CYS  1026  O   ---  C    1503 ACE   501 B  3.31    -
N P L A   141 CYS  1026  O   ---  CH3  1505 ACE   501 B  3.16    -
N P L A   141 CYS  1026  O   ---  N    1506 PHE   502 B  2.64    -
N P L A   141 CYS  1026  O   ---  CA   1507 PHE   502 B  3.73    -
N P L A   141 CYS  1026  O   ---  C    1508 PHE   502 B  3.87    -
N P L A   141 CYS  1026  O   ---  O    1509 PHE   502 B  3.15    -
N P L A   141 CYS  1026  O   ---  CD2  1513 PHE   502 B  3.89    -
N P L A   141 CYS  1027  CB  ---  CZ   1516 PHE   502 B  3.75    -
N P L A   141 CYS  1028  SG  ---  CB   1530 PHE   504 B  3.49    -
N P L A   141 CYS  1028  SG  ---  CG   1531 PHE   504 B  3.87    -
N P L A   141 CYS  1028  SG  ---  CD2  1533 PHE   504 B  3.73    -
N P L A   142 ASN  1030  CA  ---  CH3  1505 ACE   501 B  3.73    -
N P L A   142 ASN  1031  C   ---  CH3  1505 ACE   501 B  3.70    -
N P L A   142 ASN  1032  O   ---  CD2  1513 PHE   502 B  3.32    -
N P L A   142 ASN  1032  O   ---  CE2  1515 PHE   502 B  2.99    -
N P L A   143 SER  1037  N   ---  CH3  1505 ACE   501 B  3.75    -
N P L A   143 SER  1040  O   ---  CE2  1515 PHE   502 B  3.68    -
N P L A   182 THR  1324  CB  ---  NH2  1572 ARG   508 B  3.82    -
N P L A   182 THR  1325  OG1 ---  NH2  1572 ARG   508 B  3.42    -
