# Grow v2.00  output from newsec
H P L A    64 ARG   278  NE  -->  OD1  2009 ASP     5 B  2.78    -
H P L A    64 ARG   281  NH2 -->  OD2  2010 ASP     5 B  2.93    -
H P L A    65 SER   287  OG  -->  OE1  1994 GLU     3 B  3.14    -
H P L A   161 GLN  1060  NE2 -->  OD2  2010 ASP     5 B  2.78    -
H P L A   163 CYS  1071  SG  <--  N    2003 ASP     5 B  3.07    -
H P L A   205 SER  1355  O   <--  N    2003 ASP     5 B  3.03    -
H P L A   207 ARG  1372  N   -->  O    1990 GLU     3 B  2.73    -
H P L A   207 ARG  1375  O   <--  N    1987 GLU     3 B  2.73    -
H P L A   207 ARG  1379  NE  -->  OD1  2009 ASP     5 B  2.74    -
H P L A   207 ARG  1381  NH1 -->  OE1  1994 GLU     3 B  2.83    -
H P L A   207 ARG  1382  NH2 -->  OD1  2009 ASP     5 B  2.97    -
H P L A   208 ASN  1390  ND2 -->  OD1  1985 ASP     2 B  3.02    -
H P L A   209 SER  1391  N   -->  O    1977 ACE     1 B  2.84    -
H P L A   209 SER  1396  OG  -->  O    1977 ACE     1 B  3.25    -
H P L A   250 PHE  1728  N   -->  OD2  1986 ASP     2 B  3.10    -
N P L A    64 ARG   276  CG  ---  OD1  2009 ASP     5 B  3.78    -
N P L A    64 ARG   277  CD  ---  OD1  2009 ASP     5 B  3.67    -
N P L A    64 ARG   278  NE  ---  CG   2008 ASP     5 B  3.34    -
N P L A    64 ARG   278  NE  ---  OD1  2009 ASP     5 B  2.78    -
N P L A    64 ARG   278  NE  ---  OD2  2010 ASP     5 B  3.60    -
N P L A    64 ARG   279  CZ  ---  CG   2008 ASP     5 B  3.89    -
N P L A    64 ARG   279  CZ  ---  OD1  2009 ASP     5 B  3.55    -
N P L A    64 ARG   279  CZ  ---  OD2  2010 ASP     5 B  3.71    -
N P L A    64 ARG   281  NH2 ---  CG   2008 ASP     5 B  3.51    -
N P L A    64 ARG   281  NH2 ---  OD1  2009 ASP     5 B  3.48    -
N P L A    64 ARG   281  NH2 ---  OD2  2010 ASP     5 B  2.93    -
N P L A    65 SER   287  OG  ---  CD   1993 GLU     3 B  3.61    -
N P L A    65 SER   287  OG  ---  OE1  1994 GLU     3 B  3.14    -
N P L A    65 SER   287  OG  ---  OE2  1995 GLU     3 B  3.51    -
N P L A   120 SER   734  O   ---  CG   2008 ASP     5 B  3.84    -
N P L A   121 HIS   738  CA  ---  O    2006 ASP     5 B  3.54    -
N P L A   121 HIS   743  ND1 ---  CA   2004 ASP     5 B  3.76    -
N P L A   121 HIS   743  ND1 ---  C    2005 ASP     5 B  3.17    -
N P L A   121 HIS   743  ND1 ---  O    2006 ASP     5 B  3.42    -
N P L A   121 HIS   743  ND1 ---  C1   2011 0QE     6 B  3.21    -
N P L A   121 HIS   745  CE1 ---  C1   2011 0QE     6 B  3.71    -
N P L A   122 GLY   747  N   ---  O    2006 ASP     5 B  3.48    -
N P L A   161 GLN  1057  CG  ---  OD2  2010 ASP     5 B  3.90    -
N P L A   161 GLN  1058  CD  ---  OD2  2010 ASP     5 B  3.79    -
N P L A   161 GLN  1060  NE2 ---  CG   2008 ASP     5 B  3.87    -
N P L A   161 GLN  1060  NE2 ---  OD2  2010 ASP     5 B  2.78    -
N P L A   163 CYS  1066  N   ---  O    2006 ASP     5 B  3.45    -
N P L A   163 CYS  1066  N   ---  CB   2007 ASP     5 B  3.89    -
N P L A   163 CYS  1067  CA  ---  O    2006 ASP     5 B  3.85    -
N P L A   163 CYS  1070  CB  ---  C    2005 ASP     5 B  3.74    -
N P L A   163 CYS  1070  CB  ---  O    2006 ASP     5 B  3.03    -
N P L A   163 CYS  1071  SG  ---  N    2003 ASP     5 B  3.07    -
N P L A   163 CYS  1071  SG  ---  CA   2004 ASP     5 B  3.16    -
N P L A   163 CYS  1071  SG  ---  C    2005 ASP     5 B  2.74    -
N P L A   163 CYS  1071  SG  ---  O    2006 ASP     5 B  2.64    -
N P L A   163 CYS  1071  SG  ---  CB   2007 ASP     5 B  3.42    -
N P L A   163 CYS  1071  SG  ---  C1   2011 0QE     6 B  3.51    -
N P L A   204 TYR  1344  CB  ---  CG1  2001 VAL     4 B  3.84    -
N P L A   204 TYR  1345  CG  ---  CG1  2001 VAL     4 B  3.86    -
N P L A   204 TYR  1346  CD1 ---  CB   2000 VAL     4 B  3.72    -
N P L A   204 TYR  1346  CD1 ---  CG2  2002 VAL     4 B  3.89    -
N P L A   204 TYR  1348  CE1 ---  CG2  2002 VAL     4 B  3.85    -
N P L A   205 SER  1355  O   ---  CA   1997 VAL     4 B  3.41    -
N P L A   205 SER  1355  O   ---  C    1998 VAL     4 B  3.69    -
N P L A   205 SER  1355  O   ---  N    2003 ASP     5 B  3.03    -
N P L A   206 TRP  1359  CA  ---  O    1990 GLU     3 B  3.56    -
N P L A   206 TRP  1360  C   ---  O    1990 GLU     3 B  3.60    -
N P L A   206 TRP  1365  CD2 ---  CG1  2001 VAL     4 B  3.90    -
N P L A   206 TRP  1367  CE2 ---  CG1  2001 VAL     4 B  3.85    -
N P L A   206 TRP  1368  CE3 ---  CB   1983 ASP     2 B  3.74    -
N P L A   206 TRP  1368  CE3 ---  N    1987 GLU     3 B  3.80    -
N P L A   206 TRP  1368  CE3 ---  C    1989 GLU     3 B  3.77    -
N P L A   206 TRP  1368  CE3 ---  O    1990 GLU     3 B  3.51    -
N P L A   206 TRP  1369  CZ2 ---  CG1  2001 VAL     4 B  3.86    -
N P L A   206 TRP  1370  CZ3 ---  C    1981 ASP     2 B  3.85    -
N P L A   206 TRP  1370  CZ3 ---  CB   1983 ASP     2 B  3.73    -
N P L A   206 TRP  1371  CH2 ---  CG1  2001 VAL     4 B  3.88    -
N P L A   207 ARG  1372  N   ---  O    1990 GLU     3 B  2.73    -
N P L A   207 ARG  1373  CA  ---  O    1990 GLU     3 B  3.58    -
N P L A   207 ARG  1374  C   ---  N    1987 GLU     3 B  3.89    -
N P L A   207 ARG  1374  C   ---  O    1990 GLU     3 B  3.71    -
N P L A   207 ARG  1375  O   ---  O    1977 ACE     1 B  3.61    -
N P L A   207 ARG  1375  O   ---  CA   1980 ASP     2 B  3.66    -
N P L A   207 ARG  1375  O   ---  C    1981 ASP     2 B  3.63    -
N P L A   207 ARG  1375  O   ---  N    1987 GLU     3 B  2.73    -
N P L A   207 ARG  1375  O   ---  CA   1988 GLU     3 B  3.53    -
N P L A   207 ARG  1375  O   ---  C    1989 GLU     3 B  3.68    -
N P L A   207 ARG  1375  O   ---  O    1990 GLU     3 B  3.05    -
N P L A   207 ARG  1375  O   ---  CB   1991 GLU     3 B  3.70    -
N P L A   207 ARG  1376  CB  ---  O    1990 GLU     3 B  3.85    -
N P L A   207 ARG  1378  CD  ---  OD1  2009 ASP     5 B  3.89    -
N P L A   207 ARG  1379  NE  ---  CG   2008 ASP     5 B  3.54    -
N P L A   207 ARG  1379  NE  ---  OD1  2009 ASP     5 B  2.74    -
N P L A   207 ARG  1379  NE  ---  OD2  2010 ASP     5 B  3.71    -
N P L A   207 ARG  1380  CZ  ---  OE1  1994 GLU     3 B  3.71    -
N P L A   207 ARG  1380  CZ  ---  OD1  2009 ASP     5 B  3.27    -
N P L A   207 ARG  1381  NH1 ---  CD   1993 GLU     3 B  3.86    -
N P L A   207 ARG  1381  NH1 ---  OE1  1994 GLU     3 B  2.83    -
N P L A   207 ARG  1382  NH2 ---  OE1  1994 GLU     3 B  3.72    -
N P L A   207 ARG  1382  NH2 ---  O    1999 VAL     4 B  3.42    -
N P L A   207 ARG  1382  NH2 ---  OD1  2009 ASP     5 B  2.97    -
N P L A   208 ASN  1384  CA  ---  O    1977 ACE     1 B  3.44    -
N P L A   208 ASN  1385  C   ---  O    1977 ACE     1 B  3.61    -
N P L A   208 ASN  1387  CB  ---  OD1  1985 ASP     2 B  3.79    -
N P L A   208 ASN  1388  CG  ---  OD1  1985 ASP     2 B  3.89    -
N P L A   208 ASN  1390  ND2 ---  C    1976 ACE     1 B  3.54    -
N P L A   208 ASN  1390  ND2 ---  O    1977 ACE     1 B  3.86    -
N P L A   208 ASN  1390  ND2 ---  CH3  1978 ACE     1 B  3.81    -
N P L A   208 ASN  1390  ND2 ---  N    1979 ASP     2 B  3.71    -
N P L A   208 ASN  1390  ND2 ---  CG   1984 ASP     2 B  3.86    -
N P L A   208 ASN  1390  ND2 ---  OD1  1985 ASP     2 B  3.02    -
N P L A   209 SER  1391  N   ---  C    1976 ACE     1 B  3.83    -
N P L A   209 SER  1391  N   ---  O    1977 ACE     1 B  2.84    -
N P L A   209 SER  1392  CA  ---  O    1977 ACE     1 B  3.82    -
N P L A   209 SER  1395  CB  ---  O    1977 ACE     1 B  3.62    -
N P L A   209 SER  1396  OG  ---  C    1976 ACE     1 B  3.80    -
N P L A   209 SER  1396  OG  ---  O    1977 ACE     1 B  3.25    -
N P L A   209 SER  1396  OG  ---  CH3  1978 ACE     1 B  3.39    -
N P L A   214 TRP  1432  NE1 ---  OD1  1985 ASP     2 B  3.36    -
N P L A   248 GLU  1716  O   ---  OD2  1986 ASP     2 B  3.84    -
N P L A   249 SER  1723  CA  ---  OD2  1986 ASP     2 B  3.40    -
N P L A   249 SER  1724  C   ---  OD2  1986 ASP     2 B  3.72    -
N P L A   250 PHE  1728  N   ---  OD2  1986 ASP     2 B  3.10    -
