# Grow v2.00  output from newsec
H P L A    34 GLN   150  NE2 -->  OD2  1818 ASP     8 B  2.69    -
H P L A    41 ARG   206  O   <--  N    1811 ASP     8 B  2.73    -
H P L A    42 LYS   222  NZ  -->  OD1  1809 ASP     7 B  2.77    -
H P L A    43 ARG   223  N   -->  O    1802 GLY     6 B  2.58    -
H P L A    43 ARG   226  O   <--  N    1799 GLY     6 B  2.93    -
H P L A    43 ARG   230  NE  -->  OD1  1817 ASP     8 B  2.77    -
H P L A    43 ARG   233  NH2 -->  OD1  1817 ASP     8 B  2.93    -
H P L A    51 LYS   282  N   -->  O3   1829 SO4   276 A  3.29    -
H P L A    51 LYS   282  N   -->  O4   1830 SO4   276 A  3.25    -
H P L A   112 LYS   771  N   -->  O1   1832 SO4   277 A  3.08    -
H P L A   195 GLY  1410  N   -->  O    1785 TYR     4 B  2.64    -
H P L A   197 SER  1422  N   -->  O    1785 TYR     4 B  2.90    -
H P L A   214 GLY  1540  N   -->  O    1772 THR     2 B  3.31    -
H P L A   214 GLY  1543  O   <--  N    1769 THR     2 B  2.90    -
H P L A   215 ASN  1547  O   <--  OH   1793 TYR     4 B  2.63    -
N P L A    32 PHE   134  CZ  ---  OD1  1817 ASP     8 B  3.79    -
N P L A    34 GLN   147  CG  ---  OD2  1818 ASP     8 B  3.72    -
N P L A    34 GLN   148  CD  ---  OD2  1818 ASP     8 B  3.65    -
N P L A    34 GLN   150  NE2 ---  CG   1816 ASP     8 B  3.78    -
N P L A    34 GLN   150  NE2 ---  OD2  1818 ASP     8 B  2.69    -
N P L A    41 ARG   205  C   ---  N    1811 ASP     8 B  3.66    -
N P L A    41 ARG   205  C   ---  CB   1815 ASP     8 B  3.50    -
N P L A    41 ARG   206  O   ---  CA   1804 ASP     7 B  3.55    -
N P L A    41 ARG   206  O   ---  C    1805 ASP     7 B  3.56    -
N P L A    41 ARG   206  O   ---  N    1811 ASP     8 B  2.73    -
N P L A    41 ARG   206  O   ---  CA   1812 ASP     8 B  3.56    -
N P L A    41 ARG   206  O   ---  CB   1815 ASP     8 B  3.37    -
N P L A    41 ARG   207  CB  ---  CB   1815 ASP     8 B  3.65    -
N P L A    41 ARG   210  NE  ---  O    1814 ASP     8 B  3.70    -
N P L A    41 ARG   211  CZ  ---  OD2  1818 ASP     8 B  3.48    -
N P L A    41 ARG   213  NH2 ---  O    1814 ASP     8 B  3.84    -
N P L A    41 ARG   213  NH2 ---  CG   1816 ASP     8 B  3.78    -
N P L A    41 ARG   213  NH2 ---  OD2  1818 ASP     8 B  2.93    -
N P L A    42 LYS   214  N   ---  CB   1815 ASP     8 B  3.76    -
N P L A    42 LYS   215  CA  ---  O    1802 GLY     6 B  3.25    -
N P L A    42 LYS   216  C   ---  O    1802 GLY     6 B  3.38    -
N P L A    42 LYS   216  C   ---  CB   1815 ASP     8 B  3.80    -
N P L A    42 LYS   218  CB  ---  O    1802 GLY     6 B  3.59    -
N P L A    42 LYS   221  CE  ---  C    1801 GLY     6 B  3.83    -
N P L A    42 LYS   221  CE  ---  O    1802 GLY     6 B  3.86    -
N P L A    42 LYS   221  CE  ---  N    1803 ASP     7 B  3.75    -
N P L A    42 LYS   221  CE  ---  CA   1804 ASP     7 B  3.83    -
N P L A    42 LYS   221  CE  ---  OD1  1809 ASP     7 B  2.89    -
N P L A    42 LYS   222  NZ  ---  OD1  1809 ASP     7 B  2.77    -
N P L A    43 ARG   223  N   ---  C    1801 GLY     6 B  3.81    -
N P L A    43 ARG   223  N   ---  O    1802 GLY     6 B  2.58    -
N P L A    43 ARG   224  CA  ---  O    1802 GLY     6 B  3.58    -
N P L A    43 ARG   225  C   ---  O    1802 GLY     6 B  3.86    -
N P L A    43 ARG   226  O   ---  CA   1795 ALA     5 B  3.77    -
N P L A    43 ARG   226  O   ---  C    1796 ALA     5 B  3.80    -
N P L A    43 ARG   226  O   ---  N    1799 GLY     6 B  2.93    -
N P L A    43 ARG   226  O   ---  CA   1800 GLY     6 B  3.82    -
N P L A    43 ARG   226  O   ---  O    1802 GLY     6 B  3.27    -
N P L A    43 ARG   227  CB  ---  OD1  1817 ASP     8 B  3.80    -
N P L A    43 ARG   228  CG  ---  O    1802 GLY     6 B  3.45    -
N P L A    43 ARG   228  CG  ---  O    1806 ASP     7 B  3.61    -
N P L A    43 ARG   230  NE  ---  CG   1816 ASP     8 B  3.85    -
N P L A    43 ARG   230  NE  ---  OD1  1817 ASP     8 B  2.77    -
N P L A    43 ARG   231  CZ  ---  OD1  1817 ASP     8 B  3.28    -
N P L A    43 ARG   233  NH2 ---  OD1  1817 ASP     8 B  2.93    -
N P L A    44 CYS   239  SG  ---  CA   1795 ALA     5 B  3.68    -
N P L A    44 CYS   239  SG  ---  CB   1798 ALA     5 B  3.57    -
N P L A    50 ARG   272  CA  ---  O4   1830 SO4   276 A  3.29    -
N P L A    50 ARG   273  C   ---  O4   1830 SO4   276 A  3.75    -
N P L A    50 ARG   275  CB  ---  O4   1830 SO4   276 A  3.79    -
N P L A    50 ARG   276  CG  ---  O4   1830 SO4   276 A  3.74    -
N P L A    50 ARG   277  CD  ---  S    1826 SO4   276 A  3.64    -
N P L A    50 ARG   277  CD  ---  O1   1827 SO4   276 A  3.38    -
N P L A    50 ARG   277  CD  ---  O3   1829 SO4   276 A  3.59    -
N P L A    50 ARG   277  CD  ---  O4   1830 SO4   276 A  3.37    -
N P L A    51 LYS   282  N   ---  S    1826 SO4   276 A  3.84    -
N P L A    51 LYS   282  N   ---  O3   1829 SO4   276 A  3.29    -
N P L A    51 LYS   282  N   ---  O4   1830 SO4   276 A  3.25    -
N P L A    51 LYS   286  CB  ---  O3   1829 SO4   276 A  3.44    -
N P L A    51 LYS   287  CG  ---  O2   1828 SO4   276 A  3.71    -
N P L A    51 LYS   287  CG  ---  O3   1829 SO4   276 A  3.58    -
N P L A    51 LYS   288  CD  ---  O2   1828 SO4   276 A  3.68    -
N P L A    51 LYS   288  CD  ---  O3   1829 SO4   276 A  3.77    -
N P L A    51 LYS   289  CE  ---  O2   1828 SO4   276 A  3.44    -
N P L A    59 HIS   347  CG  ---  OG   1781 SER     3 B  3.19    -
N P L A    59 HIS   348  ND1 ---  CB   1780 SER     3 B  3.43    -
N P L A    59 HIS   348  ND1 ---  OG   1781 SER     3 B  2.87    -
N P L A    59 HIS   349  CD2 ---  OG   1781 SER     3 B  3.38    -
N P L A    59 HIS   350  CE1 ---  CA   1777 SER     3 B  3.71    -
N P L A    59 HIS   350  CE1 ---  CB   1780 SER     3 B  3.54    -
N P L A    59 HIS   350  CE1 ---  OG   1781 SER     3 B  2.91    -
N P L A    59 HIS   350  CE1 ---  N    1782 TYR     4 B  3.83    -
N P L A    59 HIS   351  NE2 ---  OG   1781 SER     3 B  3.20    -
N P L A    75 LYS   464  NZ  ---  OG   1824 SER     9 B  3.44    -
N P L A   100 PHE   676  CD2 ---  CB   1766 PRO     1 B  3.63    -
N P L A   100 PHE   677  CE1 ---  CB   1780 SER     3 B  3.74    -
N P L A   100 PHE   678  CE2 ---  C    1764 PRO     1 B  3.67    -
N P L A   100 PHE   678  CE2 ---  O    1765 PRO     1 B  3.53    -
N P L A   100 PHE   678  CE2 ---  CB   1766 PRO     1 B  3.38    -
N P L A   100 PHE   679  CZ  ---  N    1776 SER     3 B  3.57    -
N P L A   100 PHE   679  CZ  ---  CA   1777 SER     3 B  3.87    -
N P L A   100 PHE   679  CZ  ---  CB   1780 SER     3 B  3.85    -
N P L A   112 LYS   771  N   ---  S    1831 SO4   277 A  3.69    -
N P L A   112 LYS   771  N   ---  O1   1832 SO4   277 A  3.08    -
N P L A   112 LYS   771  N   ---  O3   1834 SO4   277 A  3.18    -
N P L A   112 LYS   772  CA  ---  O1   1832 SO4   277 A  3.75    -
N P L A   112 LYS   772  CA  ---  O3   1834 SO4   277 A  3.90    -
N P L A   112 LYS   774  O   ---  O1   1832 SO4   277 A  3.84    -
N P L A   112 LYS   775  CB  ---  O1   1832 SO4   277 A  3.38    -
N P L A   112 LYS   775  CB  ---  O3   1834 SO4   277 A  3.40    -
N P L A   115 TRP   802  NE1 ---  O2   1828 SO4   276 A  3.57    -
N P L A   115 TRP   805  CZ2 ---  O4   1830 SO4   276 A  3.60    -
N P L A   144 TYR  1022  OH  ---  CB   1807 ASP     7 B  3.75    -
N P L A   150 LEU  1064  CD2 ---  O    1806 ASP     7 B  3.70    -
N P L A   174 ASN  1251  CB  ---  CG   1767 PRO     1 B  3.68    -
N P L A   174 ASN  1252  CG  ---  CG   1767 PRO     1 B  3.57    -
N P L A   174 ASN  1253  OD1 ---  CG   1767 PRO     1 B  3.49    -
N P L A   192 GLY  1389  O   ---  CD2  1789 TYR     4 B  3.87    -
N P L A   192 GLY  1389  O   ---  CE2  1791 TYR     4 B  3.43    -
N P L A   193 PHE  1391  CA  ---  CD2  1789 TYR     4 B  3.86    -
N P L A   193 PHE  1392  C   ---  CG   1787 TYR     4 B  3.82    -
N P L A   193 PHE  1393  O   ---  O    1785 TYR     4 B  3.59    -
N P L A   193 PHE  1393  O   ---  CB   1786 TYR     4 B  3.75    -
N P L A   193 PHE  1396  CD1 ---  CE1  1790 TYR     4 B  3.75    -
N P L A   193 PHE  1396  CD1 ---  CZ   1792 TYR     4 B  3.74    -
N P L A   193 PHE  1396  CD1 ---  OH   1793 TYR     4 B  3.81    -
N P L A   194 LYS  1402  CA  ---  O    1785 TYR     4 B  3.61    -
N P L A   194 LYS  1402  CA  ---  O    1797 ALA     5 B  3.71    -
N P L A   194 LYS  1403  C   ---  O    1785 TYR     4 B  3.57    -
N P L A   194 LYS  1405  CB  ---  O    1797 ALA     5 B  3.70    -
N P L A   194 LYS  1409  NZ  ---  CG2  1775 THR     2 B  3.32    -
N P L A   195 GLY  1410  N   ---  C    1784 TYR     4 B  3.52    -
N P L A   195 GLY  1410  N   ---  O    1785 TYR     4 B  2.64    -
N P L A   195 GLY  1410  N   ---  C    1796 ALA     5 B  3.36    -
N P L A   195 GLY  1410  N   ---  O    1797 ALA     5 B  3.52    -
N P L A   195 GLY  1410  N   ---  N    1799 GLY     6 B  3.36    -
N P L A   195 GLY  1410  N   ---  CA   1800 GLY     6 B  3.52    -
N P L A   195 GLY  1411  CA  ---  O    1785 TYR     4 B  3.43    -
N P L A   195 GLY  1411  CA  ---  C    1796 ALA     5 B  3.87    -
N P L A   195 GLY  1411  CA  ---  N    1799 GLY     6 B  3.46    -
N P L A   195 GLY  1411  CA  ---  CA   1800 GLY     6 B  3.68    -
N P L A   195 GLY  1412  C   ---  O    1785 TYR     4 B  3.59    -
N P L A   196 ASP  1414  N   ---  O    1785 TYR     4 B  3.31    -
N P L A   197 SER  1422  N   ---  C    1784 TYR     4 B  3.81    -
N P L A   197 SER  1422  N   ---  O    1785 TYR     4 B  2.90    -
N P L A   197 SER  1423  CA  ---  O    1785 TYR     4 B  3.50    -
N P L A   197 SER  1426  CB  ---  CA   1783 TYR     4 B  3.67    -
N P L A   197 SER  1426  CB  ---  C    1784 TYR     4 B  3.03    -
N P L A   197 SER  1426  CB  ---  O    1785 TYR     4 B  2.94    -
N P L A   197 SER  1426  CB  ---  CB   1786 TYR     4 B  3.64    -
N P L A   197 SER  1426  CB  ---  N    1794 ALA     5 B  3.39    -
N P L A   212 SER  1525  O   ---  N    1782 TYR     4 B  3.56    -
N P L A   213 TYR  1529  CA  ---  O    1772 THR     2 B  3.49    -
N P L A   213 TYR  1530  C   ---  CD2  1789 TYR     4 B  3.88    -
N P L A   213 TYR  1530  C   ---  CE2  1791 TYR     4 B  3.85    -
N P L A   213 TYR  1532  CB  ---  C    1771 THR     2 B  3.84    -
N P L A   213 TYR  1532  CB  ---  O    1772 THR     2 B  3.04    -
N P L A   214 GLY  1540  N   ---  O    1772 THR     2 B  3.31    -
N P L A   214 GLY  1540  N   ---  CD2  1789 TYR     4 B  3.82    -
N P L A   214 GLY  1540  N   ---  CE2  1791 TYR     4 B  3.45    -
N P L A   214 GLY  1540  N   ---  CZ   1792 TYR     4 B  3.49    -
N P L A   214 GLY  1540  N   ---  OH   1793 TYR     4 B  3.88    -
N P L A   214 GLY  1541  CA  ---  CE2  1791 TYR     4 B  3.63    -
N P L A   214 GLY  1541  CA  ---  CZ   1792 TYR     4 B  3.49    -
N P L A   214 GLY  1541  CA  ---  OH   1793 TYR     4 B  3.34    -
N P L A   214 GLY  1542  C   ---  CZ   1792 TYR     4 B  3.79    -
N P L A   214 GLY  1542  C   ---  OH   1793 TYR     4 B  3.36    -
N P L A   214 GLY  1543  O   ---  CA   1763 PRO     1 B  3.78    -
N P L A   214 GLY  1543  O   ---  C    1764 PRO     1 B  3.81    -
N P L A   214 GLY  1543  O   ---  N    1769 THR     2 B  2.90    -
N P L A   214 GLY  1543  O   ---  CA   1770 THR     2 B  3.68    -
N P L A   214 GLY  1543  O   ---  O    1772 THR     2 B  3.33    -
N P L A   214 GLY  1543  O   ---  CB   1773 THR     2 B  3.67    -
N P L A   215 ASN  1544  N   ---  OH   1793 TYR     4 B  3.18    -
N P L A   215 ASN  1546  C   ---  CB   1773 THR     2 B  3.86    -
N P L A   215 ASN  1546  C   ---  OG1  1774 THR     2 B  3.76    -
N P L A   215 ASN  1546  C   ---  OH   1793 TYR     4 B  3.65    -
N P L A   215 ASN  1547  O   ---  CB   1773 THR     2 B  3.88    -
N P L A   215 ASN  1547  O   ---  CE1  1790 TYR     4 B  3.40    -
N P L A   215 ASN  1547  O   ---  CZ   1792 TYR     4 B  3.45    -
N P L A   215 ASN  1547  O   ---  OH   1793 TYR     4 B  2.63    -
N P L A   215 ASN  1550  OD1 ---  OH   1793 TYR     4 B  3.51    -
N P L A   216 LYS  1552  N   ---  OG1  1774 THR     2 B  3.37    -
N P L A   216 LYS  1553  CA  ---  OG1  1774 THR     2 B  3.44    -
N P L A   216 LYS  1556  CB  ---  OG1  1774 THR     2 B  3.68    -
N P L A   216 LYS  1557  CG  ---  OG1  1774 THR     2 B  2.90    -
N P L A   218 GLY  1571  CA  ---  OH   1793 TYR     4 B  3.59    -
