# Grow v2.00  output from newsec
H P L A    84 SER   168  OG  -->  N2   7425 NAG     1 B  3.00    -
H P L A    84 SER   168  OG  <--  N2   7425 NAG     1 B  3.00    -
H P L A    86 ARG   190  NH1 -->  O7   7430 NAG     1 B  2.81    -
H P L A   110 ARG   384  NH2 -->  O3   7426 NAG     1 B  2.66    -
H P L A   129 TYR   528  N   -->  O4   7593 SO4  1018 A  2.81    -
H P L A   135 HIS   580  ND1 -->  O4   7558 SO4  1011 A  2.65    -
H P L A   136 ARG   584  N   -->  O2   7556 SO4  1011 A  2.98    -
H P L A   136 ARG   591  NE  -->  O4   7593 SO4  1018 A  3.04    -
H P L A   136 ARG   593  NH1 -->  O1   7560 SO4  1012 A  2.75    -
H P L A   136 ARG   594  NH2 -->  O1   7560 SO4  1012 A  3.03    -
H P L A   136 ARG   594  NH2 -->  O2   7591 SO4  1018 A  3.27    -
H P L A   153 THR   709  N   -->  O3   7557 SO4  1011 A  2.79    -
H P L A   153 THR   714  OG1 -->  O2   7556 SO4  1011 A  2.54    -
H P L A   155 LEU   725  N   -->  O2   7561 SO4  1012 A  2.73    -
H P L A   199 MET  1082  N   -->  O1   7570 SO4  1014 A  2.71    -
H P L A   213 GLN  1195  OE1 <--  N    7360 VAL     1 C  2.78    -
H P L A   241 LYS  1411  O   <--  N2   7506 NAG  1005 A  3.12    -
H P L A   255 SER  1515  OG  -->  O7   7511 NAG  1005 A  3.16    -
H P L A   305 ARG  1926  NH1 -->  O1   7570 SO4  1014 A  3.01    -
H P L A   305 ARG  1927  NH2 -->  O4   7573 SO4  1014 A  2.84    -
H P L A   352 GLY  2272  N   -->  O    7370 TYR     2 C  2.80    -
H P L A   353 ALA  2279  O   <--  N    7367 TYR     2 C  2.88    -
H P L A   355 GLU  2296  OE1 <--  N    7360 VAL     1 C  2.82    -
H P L A   375 SER  2459  OG  -->  O1   7580 SO4  1016 A  2.62    -
H P L A   377 SER  2471  OG  -->  O4   7583 SO4  1016 A  3.27    -
H P L A   411 GLU  2767  OE2 <--  N    7360 VAL     1 C  2.74    -
H P L A   442 ARG  3021  NH1 -->  O    7407 PHE     6 C  3.33    -
H P L A   477 TYR  3277  OH  -->  O    7363 VAL     1 C  2.70    -
H P L A   498 GLN  3439  NE2 -->  O7   7553 NAG  1010 A  2.59    -
H P L A   523 GLU  3653  OE2 <--  N2   7548 NAG  1010 A  2.94    -
H P L A   562 SER  3955  OG  -->  O1   7575 SO4  1015 A  2.99    -
H P L A   606 ARG  4331  NE  -->  O4   7578 SO4  1015 A  2.81    -
H P L A   606 ARG  4333  NH1 -->  O4   7588 SO4  1017 A  3.04    -
H P L A   606 ARG  4334  NH2 -->  O3   7577 SO4  1015 A  2.93    -
H P L A   606 ARG  4334  NH2 -->  O1   7585 SO4  1017 A  2.88    -
H P L A   658 ARG  4785  NH1 -->  O4   7603 SO4  1020 A  3.32    -
H P L A   658 ARG  4787  NH2 -->  O4   7603 SO4  1020 A  2.85    -
H P L A   677 THR  4928  OG1 -->  N2   7534 NAG  1009 A  3.20    -
H P L A   677 THR  4928  OG1 <--  N2   7534 NAG  1009 A  3.20    -
H P L A   690 ARG  5036  NH1 -->  O4   7568 SO4  1013 A  2.99    -
H P L A   690 ARG  5037  NH2 -->  O3   7567 SO4  1013 A  2.77    -
H P L A   691 GLN  5046  NE2 -->  O3   7602 SO4  1020 A  2.90    -
H P L A   736 ASN  5437  ND2 -->  O2   7596 SO4  1019 A  3.22    -
H P L A   745 GLU  5510  N   -->  O4   7598 SO4  1019 A  2.64    -
H P L A   794 SER  5906  OG  -->  O3   7582 SO4  1016 A  2.44    -
H P L A   855 ARG  6436  NH2 -->  O4   7573 SO4  1014 A  2.78    -
H P L A   967 LYS  7357  NZ  -->  O3   7607 SO4  1021 A  2.70    -
N P L A    84 SER   165  C   ---  C8   7424 NAG     1 B  3.85    -
N P L A    84 SER   166  O   ---  C8   7424 NAG     1 B  3.65    -
N P L A    84 SER   167  CB  ---  N2   7425 NAG     1 B  3.77    -
N P L A    84 SER   168  OG  ---  C7   7423 NAG     1 B  3.71    -
N P L A    84 SER   168  OG  ---  C8   7424 NAG     1 B  3.44    -
N P L A    84 SER   168  OG  ---  N2   7425 NAG     1 B  3.00    -
N P L A    85 TYR   170  CA  ---  C8   7424 NAG     1 B  3.87    -
N P L A    85 TYR   171  C   ---  C8   7424 NAG     1 B  3.72    -
N P L A    86 ARG   181  N   ---  C8   7424 NAG     1 B  3.64    -
N P L A    86 ARG   185  CB  ---  O7   7430 NAG     1 B  3.76    -
N P L A    86 ARG   186  CG  ---  O7   7430 NAG     1 B  3.61    -
N P L A    86 ARG   187  CD  ---  O7   7430 NAG     1 B  3.48    -
N P L A    86 ARG   189  CZ  ---  O7   7430 NAG     1 B  3.88    -
N P L A    86 ARG   190  NH1 ---  C7   7423 NAG     1 B  3.65    -
N P L A    86 ARG   190  NH1 ---  C8   7424 NAG     1 B  3.82    -
N P L A    86 ARG   190  NH1 ---  O7   7430 NAG     1 B  2.81    -
N P L A   102 VAL   322  CG1 ---  C8   7491 NAG  1001 A  3.90    -
N P L A   108 THR   363  O   ---  C8   7424 NAG     1 B  3.83    -
N P L A   110 ARG   383  NH1 ---  O6   7443 NAG     2 B  3.80    -
N P L A   110 ARG   384  NH2 ---  C3   7419 NAG     1 B  3.75    -
N P L A   110 ARG   384  NH2 ---  N2   7425 NAG     1 B  3.80    -
N P L A   110 ARG   384  NH2 ---  O3   7426 NAG     1 B  2.66    -
N P L A   110 ARG   384  NH2 ---  O6   7443 NAG     2 B  3.73    -
N P L A   128 ASN   521  CA  ---  O1   7590 SO4  1018 A  3.36    -
N P L A   128 ASN   522  C   ---  O1   7590 SO4  1018 A  3.83    -
N P L A   128 ASN   522  C   ---  O4   7593 SO4  1018 A  3.80    -
N P L A   128 ASN   524  CB  ---  C1   7484 NAG  1001 A  3.79    -
N P L A   128 ASN   524  CB  ---  O1   7590 SO4  1018 A  3.38    -
N P L A   128 ASN   525  CG  ---  C1   7484 NAG  1001 A  2.42    -
N P L A   128 ASN   525  CG  ---  C2   7485 NAG  1001 A  3.68    -
N P L A   128 ASN   525  CG  ---  O5   7495 NAG  1001 A  3.07    -
N P L A   128 ASN   525  CG  ---  O1   7590 SO4  1018 A  3.61    -
N P L A   128 ASN   526  OD1 ---  C1   7484 NAG  1001 A  2.76    -
N P L A   128 ASN   526  OD1 ---  O5   7495 NAG  1001 A  3.18    -
N P L A   128 ASN   526  OD1 ---  O1   7590 SO4  1018 A  3.58    -
N P L A   128 ASN   527  ND2 ---  C1   7484 NAG  1001 A  1.45    -
N P L A   128 ASN   527  ND2 ---  C2   7485 NAG  1001 A  2.44    -
N P L A   128 ASN   527  ND2 ---  C3   7486 NAG  1001 A  3.78    -
N P L A   128 ASN   527  ND2 ---  C5   7488 NAG  1001 A  3.66    -
N P L A   128 ASN   527  ND2 ---  C7   7490 NAG  1001 A  3.57    -
N P L A   128 ASN   527  ND2 ---  N2   7492 NAG  1001 A  2.97    -
N P L A   128 ASN   527  ND2 ---  O5   7495 NAG  1001 A  2.35    -
N P L A   128 ASN   527  ND2 ---  O7   7497 NAG  1001 A  3.73    -
N P L A   129 TYR   528  N   ---  S    7589 SO4  1018 A  3.75    -
N P L A   129 TYR   528  N   ---  O1   7590 SO4  1018 A  3.43    -
N P L A   129 TYR   528  N   ---  O4   7593 SO4  1018 A  2.81    -
N P L A   129 TYR   529  CA  ---  O4   7593 SO4  1018 A  3.53    -
N P L A   129 TYR   531  O   ---  O4   7593 SO4  1018 A  3.76    -
N P L A   129 TYR   532  CB  ---  O4   7593 SO4  1018 A  3.34    -
N P L A   129 TYR   534  CD1 ---  O4   7593 SO4  1018 A  3.55    -
N P L A   131 LEU   554  CD2 ---  O1   7555 SO4  1011 A  3.56    -
N P L A   134 GLY   573  O   ---  O4   7558 SO4  1011 A  3.36    -
N P L A   135 HIS   575  CA  ---  O2   7556 SO4  1011 A  3.46    -
N P L A   135 HIS   575  CA  ---  O4   7558 SO4  1011 A  3.69    -
N P L A   135 HIS   576  C   ---  O2   7556 SO4  1011 A  3.70    -
N P L A   135 HIS   578  CB  ---  O2   7556 SO4  1011 A  3.43    -
N P L A   135 HIS   578  CB  ---  O4   7558 SO4  1011 A  3.66    -
N P L A   135 HIS   579  CG  ---  O4   7558 SO4  1011 A  3.52    -
N P L A   135 HIS   580  ND1 ---  S    7554 SO4  1011 A  3.90    -
N P L A   135 HIS   580  ND1 ---  O4   7558 SO4  1011 A  2.65    -
N P L A   135 HIS   582  CE1 ---  O4   7558 SO4  1011 A  3.62    -
N P L A   136 ARG   584  N   ---  O2   7556 SO4  1011 A  2.98    -
N P L A   136 ARG   588  CB  ---  O2   7556 SO4  1011 A  3.86    -
N P L A   136 ARG   589  CG  ---  O2   7556 SO4  1011 A  3.77    -
N P L A   136 ARG   590  CD  ---  O4   7593 SO4  1018 A  3.82    -
N P L A   136 ARG   591  NE  ---  S    7589 SO4  1018 A  3.80    -
N P L A   136 ARG   591  NE  ---  O2   7591 SO4  1018 A  3.90    -
N P L A   136 ARG   591  NE  ---  O4   7593 SO4  1018 A  3.04    -
N P L A   136 ARG   592  CZ  ---  O1   7560 SO4  1012 A  3.32    -
N P L A   136 ARG   593  NH1 ---  O1   7560 SO4  1012 A  2.75    -
N P L A   136 ARG   594  NH2 ---  S    7559 SO4  1012 A  3.65    -
N P L A   136 ARG   594  NH2 ---  O1   7560 SO4  1012 A  3.03    -
N P L A   136 ARG   594  NH2 ---  O3   7562 SO4  1012 A  3.40    -
N P L A   136 ARG   594  NH2 ---  S    7589 SO4  1018 A  3.82    -
N P L A   136 ARG   594  NH2 ---  O2   7591 SO4  1018 A  3.27    -
N P L A   136 ARG   594  NH2 ---  O3   7592 SO4  1018 A  3.69    -
N P L A   152 LYS   701  CA  ---  O3   7557 SO4  1011 A  3.64    -
N P L A   152 LYS   702  C   ---  O3   7557 SO4  1011 A  3.67    -
N P L A   152 LYS   704  CB  ---  O3   7557 SO4  1011 A  3.70    -
N P L A   153 THR   709  N   ---  S    7554 SO4  1011 A  3.57    -
N P L A   153 THR   709  N   ---  O2   7556 SO4  1011 A  3.36    -
N P L A   153 THR   709  N   ---  O3   7557 SO4  1011 A  2.79    -
N P L A   153 THR   710  CA  ---  O2   7556 SO4  1011 A  3.87    -
N P L A   153 THR   710  CA  ---  O3   7557 SO4  1011 A  3.70    -
N P L A   153 THR   711  C   ---  O3   7557 SO4  1011 A  3.85    -
N P L A   153 THR   712  O   ---  O3   7557 SO4  1011 A  3.19    -
N P L A   153 THR   712  O   ---  O1   7560 SO4  1012 A  3.31    -
N P L A   153 THR   713  CB  ---  O2   7556 SO4  1011 A  3.34    -
N P L A   153 THR   714  OG1 ---  S    7554 SO4  1011 A  3.49    -
N P L A   153 THR   714  OG1 ---  O2   7556 SO4  1011 A  2.54    -
N P L A   153 THR   714  OG1 ---  O3   7557 SO4  1011 A  3.43    -
N P L A   153 THR   715  CG2 ---  O2   7556 SO4  1011 A  3.34    -
N P L A   154 GLU   717  CA  ---  O1   7560 SO4  1012 A  3.54    -
N P L A   154 GLU   717  CA  ---  O2   7561 SO4  1012 A  3.43    -
N P L A   154 GLU   718  C   ---  O2   7561 SO4  1012 A  3.57    -
N P L A   154 GLU   720  CB  ---  O2   7561 SO4  1012 A  3.58    -
N P L A   155 LEU   725  N   ---  O2   7561 SO4  1012 A  2.73    -
N P L A   155 LEU   726  CA  ---  O2   7561 SO4  1012 A  3.62    -
N P L A   155 LEU   727  C   ---  O2   7561 SO4  1012 A  3.89    -
N P L A   155 LEU   728  O   ---  O2   7561 SO4  1012 A  3.33    -
N P L A   155 LEU   729  CB  ---  O2   7561 SO4  1012 A  3.73    -
N P L A   155 LEU   731  CD1 ---  O2   7591 SO4  1018 A  3.46    -
N P L A   183 GLU   958  CG  ---  O7   7497 NAG  1001 A  3.90    -
N P L A   183 GLU   959  CD  ---  O7   7497 NAG  1001 A  3.59    -
N P L A   183 GLU   960  OE1 ---  O7   7497 NAG  1001 A  3.83    -
N P L A   183 GLU   961  OE2 ---  O7   7497 NAG  1001 A  3.76    -
N P L A   184 GLY   964  C   ---  C8   7491 NAG  1001 A  3.41    -
N P L A   184 GLY   965  O   ---  C8   7491 NAG  1001 A  3.63    -
N P L A   185 GLU   966  N   ---  C8   7491 NAG  1001 A  3.46    -
N P L A   198 TYR  1071  CA  ---  O1   7570 SO4  1014 A  3.67    -
N P L A   198 TYR  1071  CA  ---  O3   7572 SO4  1014 A  3.88    -
N P L A   198 TYR  1072  C   ---  O1   7570 SO4  1014 A  3.63    -
N P L A   198 TYR  1074  CB  ---  O1   7570 SO4  1014 A  3.47    -
N P L A   199 MET  1082  N   ---  S    7569 SO4  1014 A  3.74    -
N P L A   199 MET  1082  N   ---  O1   7570 SO4  1014 A  2.71    -
N P L A   199 MET  1082  N   ---  O3   7572 SO4  1014 A  3.57    -
N P L A   199 MET  1083  CA  ---  O1   7570 SO4  1014 A  3.55    -
N P L A   199 MET  1084  C   ---  O1   7570 SO4  1014 A  3.74    -
N P L A   199 MET  1085  O   ---  O1   7570 SO4  1014 A  3.10    -
N P L A   199 MET  1086  CB  ---  O1   7570 SO4  1014 A  3.77    -
N P L A   211 GLN  1179  NE2 ---  CG1  7365 VAL     1 C  3.60    -
N P L A   213 GLN  1194  CD  ---  N    7360 VAL     1 C  3.82    -
N P L A   213 GLN  1195  OE1 ---  N    7360 VAL     1 C  2.78    -
N P L A   213 GLN  1195  OE1 ---  CA   7361 VAL     1 C  3.72    -
N P L A   213 GLN  1195  OE1 ---  CB   7364 VAL     1 C  3.75    -
N P L A   213 GLN  1195  OE1 ---  CG1  7365 VAL     1 C  3.61    -
N P L A   213 GLN  1195  OE1 ---  CG2  7366 VAL     1 C  3.53    -
N P L A   234 ASN  1356  CB  ---  C1   7417 NAG     1 B  3.76    -
N P L A   234 ASN  1357  CG  ---  C1   7417 NAG     1 B  2.37    -
N P L A   234 ASN  1357  CG  ---  C2   7418 NAG     1 B  3.66    -
N P L A   234 ASN  1357  CG  ---  O5   7428 NAG     1 B  2.97    -
N P L A   234 ASN  1358  OD1 ---  C1   7417 NAG     1 B  2.66    -
N P L A   234 ASN  1358  OD1 ---  O5   7428 NAG     1 B  3.01    -
N P L A   234 ASN  1359  ND2 ---  C1   7417 NAG     1 B  1.45    -
N P L A   234 ASN  1359  ND2 ---  C2   7418 NAG     1 B  2.46    -
N P L A   234 ASN  1359  ND2 ---  C3   7419 NAG     1 B  3.81    -
N P L A   234 ASN  1359  ND2 ---  C5   7421 NAG     1 B  3.63    -
N P L A   234 ASN  1359  ND2 ---  C7   7423 NAG     1 B  3.39    -
N P L A   234 ASN  1359  ND2 ---  N2   7425 NAG     1 B  2.97    -
N P L A   234 ASN  1359  ND2 ---  O5   7428 NAG     1 B  2.35    -
N P L A   234 ASN  1359  ND2 ---  O7   7430 NAG     1 B  3.40    -
N P L A   241 LYS  1411  O   ---  C7   7504 NAG  1005 A  3.53    -
N P L A   241 LYS  1411  O   ---  C8   7505 NAG  1005 A  3.32    -
N P L A   241 LYS  1411  O   ---  N2   7506 NAG  1005 A  3.12    -
N P L A   243 LEU  1427  C   ---  C8   7505 NAG  1005 A  3.76    -
N P L A   243 LEU  1428  O   ---  C8   7505 NAG  1005 A  3.01    -
N P L A   255 SER  1513  O   ---  C1   7498 NAG  1005 A  3.88    -
N P L A   255 SER  1513  O   ---  C4   7501 NAG  1005 A  3.78    -
N P L A   255 SER  1513  O   ---  C5   7502 NAG  1005 A  3.60    -
N P L A   255 SER  1513  O   ---  C6   7503 NAG  1005 A  3.33    -
N P L A   255 SER  1513  O   ---  O5   7509 NAG  1005 A  3.18    -
N P L A   255 SER  1514  CB  ---  O7   7511 NAG  1005 A  3.21    -
N P L A   255 SER  1515  OG  ---  O7   7511 NAG  1005 A  3.16    -
N P L A   257 PRO  1528  CG  ---  O6   7510 NAG  1005 A  3.39    -
N P L A   257 PRO  1529  CD  ---  O6   7510 NAG  1005 A  3.21    -
N P L A   265 ASN  1595  CB  ---  C1   7498 NAG  1005 A  3.80    -
N P L A   265 ASN  1596  CG  ---  C1   7498 NAG  1005 A  2.46    -
N P L A   265 ASN  1596  CG  ---  C2   7499 NAG  1005 A  3.52    -
N P L A   265 ASN  1596  CG  ---  O5   7509 NAG  1005 A  3.15    -
N P L A   265 ASN  1597  OD1 ---  C1   7498 NAG  1005 A  2.83    -
N P L A   265 ASN  1597  OD1 ---  O5   7509 NAG  1005 A  3.28    -
N P L A   265 ASN  1598  ND2 ---  C1   7498 NAG  1005 A  1.44    -
N P L A   265 ASN  1598  ND2 ---  C2   7499 NAG  1005 A  2.23    -
N P L A   265 ASN  1598  ND2 ---  C3   7500 NAG  1005 A  3.61    -
N P L A   265 ASN  1598  ND2 ---  C5   7502 NAG  1005 A  3.68    -
N P L A   265 ASN  1598  ND2 ---  C7   7504 NAG  1005 A  3.44    -
N P L A   265 ASN  1598  ND2 ---  N2   7506 NAG  1005 A  2.86    -
N P L A   265 ASN  1598  ND2 ---  O5   7509 NAG  1005 A  2.38    -
N P L A   265 ASN  1598  ND2 ---  O7   7511 NAG  1005 A  3.55    -
N P L A   271 THR  1648  OG1 ---  C5   7421 NAG     1 B  3.52    -
N P L A   271 THR  1648  OG1 ---  C6   7422 NAG     1 B  3.25    -
N P L A   271 THR  1648  OG1 ---  O5   7428 NAG     1 B  3.25    -
N P L A   305 ARG  1925  CZ  ---  O1   7570 SO4  1014 A  3.80    -
N P L A   305 ARG  1925  CZ  ---  O4   7573 SO4  1014 A  3.64    -
N P L A   305 ARG  1926  NH1 ---  S    7569 SO4  1014 A  3.87    -
N P L A   305 ARG  1926  NH1 ---  O1   7570 SO4  1014 A  3.01    -
N P L A   305 ARG  1926  NH1 ---  O4   7573 SO4  1014 A  3.55    -
N P L A   305 ARG  1927  NH2 ---  S    7569 SO4  1014 A  3.89    -
N P L A   305 ARG  1927  NH2 ---  O1   7570 SO4  1014 A  3.69    -
N P L A   305 ARG  1927  NH2 ---  O4   7573 SO4  1014 A  2.84    -
N P L A   316 TYR  1990  N   ---  C8   7519 NAG  1006 A  3.50    -
N P L A   316 TYR  1991  CA  ---  C8   7519 NAG  1006 A  3.71    -
N P L A   316 TYR  1994  CB  ---  C8   7519 NAG  1006 A  3.65    -
N P L A   316 TYR  1996  CD1 ---  O7   7525 NAG  1006 A  3.55    -
N P L A   319 ASN  2019  CB  ---  C1   7512 NAG  1006 A  3.76    -
N P L A   319 ASN  2020  CG  ---  C1   7512 NAG  1006 A  2.39    -
N P L A   319 ASN  2020  CG  ---  C2   7513 NAG  1006 A  3.66    -
N P L A   319 ASN  2020  CG  ---  O5   7523 NAG  1006 A  3.10    -
N P L A   319 ASN  2021  OD1 ---  C1   7512 NAG  1006 A  2.71    -
N P L A   319 ASN  2021  OD1 ---  O5   7523 NAG  1006 A  3.27    -
N P L A   319 ASN  2022  ND2 ---  C1   7512 NAG  1006 A  1.44    -
N P L A   319 ASN  2022  ND2 ---  C2   7513 NAG  1006 A  2.49    -
N P L A   319 ASN  2022  ND2 ---  C3   7514 NAG  1006 A  3.85    -
N P L A   319 ASN  2022  ND2 ---  C5   7516 NAG  1006 A  3.62    -
N P L A   319 ASN  2022  ND2 ---  C7   7518 NAG  1006 A  3.52    -
N P L A   319 ASN  2022  ND2 ---  N2   7520 NAG  1006 A  3.06    -
N P L A   319 ASN  2022  ND2 ---  O5   7523 NAG  1006 A  2.32    -
N P L A   319 ASN  2022  ND2 ---  O7   7525 NAG  1006 A  3.54    -
N P L A   351 ALA  2271  CB  ---  CG1  7365 VAL     1 C  3.86    -
N P L A   351 ALA  2271  CB  ---  O    7370 TYR     2 C  3.53    -
N P L A   352 GLY  2272  N   ---  O    7370 TYR     2 C  2.80    -
N P L A   352 GLY  2273  CA  ---  O    7370 TYR     2 C  3.32    -
N P L A   353 ALA  2276  N   ---  O    7370 TYR     2 C  3.60    -
N P L A   353 ALA  2278  C   ---  N    7367 TYR     2 C  3.86    -
N P L A   353 ALA  2279  O   ---  CA   7361 VAL     1 C  3.22    -
N P L A   353 ALA  2279  O   ---  C    7362 VAL     1 C  3.53    -
N P L A   353 ALA  2279  O   ---  CB   7364 VAL     1 C  3.47    -
N P L A   353 ALA  2279  O   ---  CG1  7365 VAL     1 C  3.47    -
N P L A   353 ALA  2279  O   ---  N    7367 TYR     2 C  2.88    -
N P L A   354 MET  2287  SD  ---  N    7360 VAL     1 C  3.72    -
N P L A   354 MET  2287  SD  ---  CG1  7365 VAL     1 C  3.52    -
N P L A   355 GLU  2295  CD  ---  N    7360 VAL     1 C  3.65    -
N P L A   355 GLU  2296  OE1 ---  N    7360 VAL     1 C  2.82    -
N P L A   355 GLU  2296  OE1 ---  CA   7361 VAL     1 C  3.49    -
N P L A   355 GLU  2297  OE2 ---  N    7360 VAL     1 C  3.68    -
N P L A   375 SER  2458  CB  ---  O1   7580 SO4  1016 A  3.28    -
N P L A   375 SER  2459  OG  ---  O1   7580 SO4  1016 A  2.62    -
N P L A   377 SER  2470  CB  ---  O4   7583 SO4  1016 A  3.68    -
N P L A   377 SER  2471  OG  ---  O4   7583 SO4  1016 A  3.27    -
N P L A   378 ASN  2479  ND2 ---  O4   7583 SO4  1016 A  3.89    -
N P L A   381 ARG  2507  NH1 ---  CB   7391 HIS     4 C  3.42    -
N P L A   381 ARG  2507  NH1 ---  CG   7392 HIS     4 C  3.68    -
N P L A   381 ARG  2507  NH1 ---  ND1  7393 HIS     4 C  3.72    -
N P L A   385 VAL  2536  CG2 ---  CD1  7373 TYR     2 C  3.80    -
N P L A   385 VAL  2536  CG2 ---  CE1  7375 TYR     2 C  3.67    -
N P L A   385 VAL  2536  CG2 ---  CZ   7377 TYR     2 C  3.74    -
N P L A   388 HIS  2554  CB  ---  CD2  7374 TYR     2 C  3.81    -
N P L A   388 HIS  2555  CG  ---  CD2  7374 TYR     2 C  3.55    -
N P L A   388 HIS  2556  ND1 ---  CD2  7374 TYR     2 C  3.80    -
N P L A   388 HIS  2557  CD2 ---  CD2  7374 TYR     2 C  3.77    -
N P L A   388 HIS  2559  NE2 ---  O    7363 VAL     1 C  3.41    -
N P L A   389 GLU  2568  OE2 ---  N    7367 TYR     2 C  3.53    -
N P L A   389 GLU  2568  OE2 ---  CB   7371 TYR     2 C  3.55    -
N P L A   411 GLU  2765  CD  ---  N    7360 VAL     1 C  3.78    -
N P L A   411 GLU  2765  CD  ---  O    7363 VAL     1 C  3.31    -
N P L A   411 GLU  2766  OE1 ---  O    7363 VAL     1 C  2.99    -
N P L A   411 GLU  2767  OE2 ---  N    7360 VAL     1 C  2.74    -
N P L A   411 GLU  2767  OE2 ---  O    7363 VAL     1 C  3.22    -
N P L A   418 GLU  2820  OE1 ---  CE2  7376 TYR     2 C  3.84    -
N P L A   430 ASN  2920  ND2 ---  C8   7477 NAG     2 D  3.56    -
N P L A   433 ASP  2943  CG  ---  O6   7468 NAG     1 D  3.43    -
N P L A   433 ASP  2944  OD1 ---  O6   7468 NAG     1 D  3.54    -
N P L A   433 ASP  2945  OD2 ---  C6   7461 NAG     1 D  3.59    -
N P L A   433 ASP  2945  OD2 ---  O6   7468 NAG     1 D  2.62    -
N P L A   442 ARG  3017  CG  ---  O    7407 PHE     6 C  3.67    -
N P L A   442 ARG  3018  CD  ---  CA   7398 PRO     5 C  3.81    -
N P L A   442 ARG  3018  CD  ---  CB   7401 PRO     5 C  3.28    -
N P L A   442 ARG  3018  CD  ---  O    7407 PHE     6 C  3.62    -
N P L A   442 ARG  3019  NE  ---  CA   7398 PRO     5 C  3.59    -
N P L A   442 ARG  3019  NE  ---  CB   7401 PRO     5 C  3.20    -
N P L A   442 ARG  3019  NE  ---  CG   7402 PRO     5 C  3.90    -
N P L A   442 ARG  3020  CZ  ---  CA   7398 PRO     5 C  3.43    -
N P L A   442 ARG  3020  CZ  ---  CB   7401 PRO     5 C  3.61    -
N P L A   442 ARG  3021  NH1 ---  CA   7398 PRO     5 C  3.43    -
N P L A   442 ARG  3021  NH1 ---  C    7399 PRO     5 C  3.67    -
N P L A   442 ARG  3021  NH1 ---  N    7404 PHE     6 C  3.16    -
N P L A   442 ARG  3021  NH1 ---  O    7407 PHE     6 C  3.33    -
N P L A   472 PHE  3232  CB  ---  CD1  7386 ILE     3 C  3.76    -
N P L A   472 PHE  3235  CD2 ---  CG2  7366 VAL     1 C  3.60    -
N P L A   472 PHE  3237  CE2 ---  CG2  7366 VAL     1 C  3.81    -
N P L A   477 TYR  3275  CE2 ---  O    7363 VAL     1 C  3.40    -
N P L A   477 TYR  3276  CZ  ---  O    7363 VAL     1 C  3.47    -
N P L A   477 TYR  3277  OH  ---  C    7362 VAL     1 C  3.63    -
N P L A   477 TYR  3277  OH  ---  O    7363 VAL     1 C  2.70    -
N P L A   477 TYR  3277  OH  ---  CG2  7366 VAL     1 C  3.25    -
N P L A   477 TYR  3277  OH  ---  CD1  7386 ILE     3 C  3.69    -
N P L A   498 GLN  3436  CG  ---  O7   7553 NAG  1010 A  3.32    -
N P L A   498 GLN  3437  CD  ---  O7   7553 NAG  1010 A  3.39    -
N P L A   498 GLN  3439  NE2 ---  C7   7546 NAG  1010 A  3.67    -
N P L A   498 GLN  3439  NE2 ---  O7   7553 NAG  1010 A  2.59    -
N P L A   502 SER  3461  CB  ---  C8   7547 NAG  1010 A  3.67    -
N P L A   523 GLU  3650  CG  ---  N2   7548 NAG  1010 A  3.89    -
N P L A   523 GLU  3651  CD  ---  N2   7548 NAG  1010 A  3.78    -
N P L A   523 GLU  3653  OE2 ---  C2   7541 NAG  1010 A  3.80    -
N P L A   523 GLU  3653  OE2 ---  C3   7542 NAG  1010 A  3.74    -
N P L A   523 GLU  3653  OE2 ---  C7   7546 NAG  1010 A  3.80    -
N P L A   523 GLU  3653  OE2 ---  C8   7547 NAG  1010 A  3.73    -
N P L A   523 GLU  3653  OE2 ---  N2   7548 NAG  1010 A  2.94    -
N P L A   524 ALA  3654  N   ---  C8   7547 NAG  1010 A  3.63    -
N P L A   524 ALA  3655  CA  ---  C8   7547 NAG  1010 A  3.84    -
N P L A   527 ASN  3678  CB  ---  C1   7540 NAG  1010 A  3.76    -
N P L A   527 ASN  3679  CG  ---  C1   7540 NAG  1010 A  2.41    -
N P L A   527 ASN  3679  CG  ---  C2   7541 NAG  1010 A  3.65    -
N P L A   527 ASN  3679  CG  ---  O5   7551 NAG  1010 A  3.08    -
N P L A   527 ASN  3680  OD1 ---  C1   7540 NAG  1010 A  2.74    -
N P L A   527 ASN  3680  OD1 ---  O5   7551 NAG  1010 A  3.26    -
N P L A   527 ASN  3681  ND2 ---  C1   7540 NAG  1010 A  1.44    -
N P L A   527 ASN  3681  ND2 ---  C2   7541 NAG  1010 A  2.43    -
N P L A   527 ASN  3681  ND2 ---  C3   7542 NAG  1010 A  3.78    -
N P L A   527 ASN  3681  ND2 ---  C5   7544 NAG  1010 A  3.61    -
N P L A   527 ASN  3681  ND2 ---  C7   7546 NAG  1010 A  3.19    -
N P L A   527 ASN  3681  ND2 ---  N2   7548 NAG  1010 A  2.92    -
N P L A   527 ASN  3681  ND2 ---  O5   7551 NAG  1010 A  2.31    -
N P L A   527 ASN  3681  ND2 ---  O7   7553 NAG  1010 A  3.06    -
N P L A   562 SER  3954  CB  ---  O1   7575 SO4  1015 A  3.46    -
N P L A   562 SER  3955  OG  ---  S    7574 SO4  1015 A  3.79    -
N P L A   562 SER  3955  OG  ---  O1   7575 SO4  1015 A  2.99    -
N P L A   562 SER  3955  OG  ---  O4   7578 SO4  1015 A  3.58    -
N P L A   596 GLN  4239  OE1 ---  C8   7463 NAG     1 D  3.23    -
N P L A   606 ARG  4328  CB  ---  O4   7578 SO4  1015 A  3.68    -
N P L A   606 ARG  4330  CD  ---  O4   7578 SO4  1015 A  3.52    -
N P L A   606 ARG  4331  NE  ---  S    7574 SO4  1015 A  3.65    -
N P L A   606 ARG  4331  NE  ---  O3   7577 SO4  1015 A  3.54    -
N P L A   606 ARG  4331  NE  ---  O4   7578 SO4  1015 A  2.81    -
N P L A   606 ARG  4332  CZ  ---  O3   7577 SO4  1015 A  3.67    -
N P L A   606 ARG  4332  CZ  ---  O4   7578 SO4  1015 A  3.77    -
N P L A   606 ARG  4332  CZ  ---  O1   7585 SO4  1017 A  3.61    -
N P L A   606 ARG  4333  NH1 ---  S    7584 SO4  1017 A  3.87    -
N P L A   606 ARG  4333  NH1 ---  O1   7585 SO4  1017 A  3.46    -
N P L A   606 ARG  4333  NH1 ---  O4   7588 SO4  1017 A  3.04    -
N P L A   606 ARG  4334  NH2 ---  S    7574 SO4  1015 A  3.77    -
N P L A   606 ARG  4334  NH2 ---  O3   7577 SO4  1015 A  2.93    -
N P L A   606 ARG  4334  NH2 ---  O4   7578 SO4  1015 A  3.84    -
N P L A   606 ARG  4334  NH2 ---  O1   7585 SO4  1017 A  2.88    -
N P L A   624 LEU  4476  CD2 ---  C8   7463 NAG     1 D  3.45    -
N P L A   625 ASN  4481  CB  ---  C1   7456 NAG     1 D  3.76    -
N P L A   625 ASN  4482  CG  ---  C1   7456 NAG     1 D  2.41    -
N P L A   625 ASN  4482  CG  ---  C2   7457 NAG     1 D  3.76    -
N P L A   625 ASN  4482  CG  ---  O5   7467 NAG     1 D  2.95    -
N P L A   625 ASN  4483  OD1 ---  C1   7456 NAG     1 D  2.76    -
N P L A   625 ASN  4483  OD1 ---  O5   7467 NAG     1 D  3.11    -
N P L A   625 ASN  4484  ND2 ---  C1   7456 NAG     1 D  1.43    -
N P L A   625 ASN  4484  ND2 ---  C2   7457 NAG     1 D  2.55    -
N P L A   625 ASN  4484  ND2 ---  C3   7458 NAG     1 D  3.88    -
N P L A   625 ASN  4484  ND2 ---  C5   7460 NAG     1 D  3.55    -
N P L A   625 ASN  4484  ND2 ---  C7   7462 NAG     1 D  3.76    -
N P L A   625 ASN  4484  ND2 ---  N2   7464 NAG     1 D  3.15    -
N P L A   625 ASN  4484  ND2 ---  O5   7467 NAG     1 D  2.25    -
N P L A   625 ASN  4484  ND2 ---  O7   7469 NAG     1 D  3.87    -
N P L A   651 SER  4719  CA  ---  O2   7601 SO4  1020 A  3.65    -
N P L A   651 SER  4722  CB  ---  O1   7600 SO4  1020 A  3.87    -
N P L A   651 SER  4722  CB  ---  O2   7601 SO4  1020 A  3.19    -
N P L A   658 ARG  4783  CZ  ---  O2   7601 SO4  1020 A  3.87    -
N P L A   658 ARG  4783  CZ  ---  O4   7603 SO4  1020 A  3.53    -
N P L A   658 ARG  4785  NH1 ---  O2   7601 SO4  1020 A  3.86    -
N P L A   658 ARG  4785  NH1 ---  O4   7603 SO4  1020 A  3.32    -
N P L A   658 ARG  4787  NH2 ---  S    7599 SO4  1020 A  3.50    -
N P L A   658 ARG  4787  NH2 ---  O2   7601 SO4  1020 A  3.31    -
N P L A   658 ARG  4787  NH2 ---  O3   7602 SO4  1020 A  3.90    -
N P L A   658 ARG  4787  NH2 ---  O4   7603 SO4  1020 A  2.85    -
N P L A   675 PRO  4913  CB  ---  C8   7533 NAG  1009 A  3.82    -
N P L A   675 PRO  4914  CG  ---  C8   7533 NAG  1009 A  3.80    -
N P L A   677 THR  4927  CB  ---  N2   7534 NAG  1009 A  3.86    -
N P L A   677 THR  4928  OG1 ---  C7   7532 NAG  1009 A  3.73    -
N P L A   677 THR  4928  OG1 ---  C8   7533 NAG  1009 A  3.29    -
N P L A   677 THR  4928  OG1 ---  N2   7534 NAG  1009 A  3.20    -
N P L A   678 LEU  4930  N   ---  C8   7533 NAG  1009 A  3.71    -
N P L A   678 LEU  4931  CA  ---  C8   7533 NAG  1009 A  3.90    -
N P L A   678 LEU  4934  CB  ---  C8   7533 NAG  1009 A  3.67    -
N P L A   681 ASN  4955  CB  ---  C1   7526 NAG  1009 A  3.77    -
N P L A   681 ASN  4956  CG  ---  C1   7526 NAG  1009 A  2.39    -
N P L A   681 ASN  4956  CG  ---  C2   7527 NAG  1009 A  3.63    -
N P L A   681 ASN  4956  CG  ---  O5   7537 NAG  1009 A  2.96    -
N P L A   681 ASN  4957  OD1 ---  C1   7526 NAG  1009 A  2.70    -
N P L A   681 ASN  4957  OD1 ---  O5   7537 NAG  1009 A  3.03    -
N P L A   681 ASN  4958  ND2 ---  C1   7526 NAG  1009 A  1.45    -
N P L A   681 ASN  4958  ND2 ---  C2   7527 NAG  1009 A  2.38    -
N P L A   681 ASN  4958  ND2 ---  C3   7528 NAG  1009 A  3.73    -
N P L A   681 ASN  4958  ND2 ---  C5   7530 NAG  1009 A  3.68    -
N P L A   681 ASN  4958  ND2 ---  C7   7532 NAG  1009 A  3.77    -
N P L A   681 ASN  4958  ND2 ---  N2   7534 NAG  1009 A  2.97    -
N P L A   681 ASN  4958  ND2 ---  O5   7537 NAG  1009 A  2.33    -
N P L A   690 ARG  5035  CZ  ---  O3   7567 SO4  1013 A  3.68    -
N P L A   690 ARG  5035  CZ  ---  O4   7568 SO4  1013 A  3.79    -
N P L A   690 ARG  5036  NH1 ---  S    7564 SO4  1013 A  3.80    -
N P L A   690 ARG  5036  NH1 ---  O3   7567 SO4  1013 A  3.74    -
N P L A   690 ARG  5036  NH1 ---  O4   7568 SO4  1013 A  2.99    -
N P L A   690 ARG  5037  NH2 ---  S    7564 SO4  1013 A  3.71    -
N P L A   690 ARG  5037  NH2 ---  O3   7567 SO4  1013 A  2.77    -
N P L A   690 ARG  5037  NH2 ---  O4   7568 SO4  1013 A  3.71    -
N P L A   691 GLN  5043  CG  ---  O3   7602 SO4  1020 A  3.44    -
N P L A   691 GLN  5044  CD  ---  O3   7602 SO4  1020 A  3.64    -
N P L A   691 GLN  5046  NE2 ---  O3   7602 SO4  1020 A  2.90    -
N P L A   736 ASN  5437  ND2 ---  O2   7596 SO4  1019 A  3.22    -
N P L A   744 PRO  5504  CA  ---  S    7594 SO4  1019 A  3.77    -
N P L A   744 PRO  5504  CA  ---  O1   7595 SO4  1019 A  3.80    -
N P L A   744 PRO  5504  CA  ---  O2   7596 SO4  1019 A  3.45    -
N P L A   744 PRO  5504  CA  ---  O4   7598 SO4  1019 A  3.48    -
N P L A   744 PRO  5505  C   ---  O4   7598 SO4  1019 A  3.49    -
N P L A   744 PRO  5507  CB  ---  O1   7595 SO4  1019 A  3.63    -
N P L A   745 GLU  5510  N   ---  S    7594 SO4  1019 A  3.77    -
N P L A   745 GLU  5510  N   ---  O4   7598 SO4  1019 A  2.64    -
N P L A   745 GLU  5511  CA  ---  O4   7598 SO4  1019 A  3.55    -
N P L A   745 GLU  5514  CB  ---  O4   7598 SO4  1019 A  3.30    -
N P L A   794 SER  5905  CB  ---  O3   7582 SO4  1016 A  3.44    -
N P L A   794 SER  5906  OG  ---  S    7579 SO4  1016 A  3.63    -
N P L A   794 SER  5906  OG  ---  O2   7581 SO4  1016 A  3.83    -
N P L A   794 SER  5906  OG  ---  O3   7582 SO4  1016 A  2.44    -
N P L A   827 LYS  6203  CE  ---  O1   7580 SO4  1016 A  3.55    -
N P L A   855 ARG  6436  NH2 ---  S    7569 SO4  1014 A  3.52    -
N P L A   855 ARG  6436  NH2 ---  O3   7572 SO4  1014 A  3.18    -
N P L A   855 ARG  6436  NH2 ---  O4   7573 SO4  1014 A  2.78    -
N P L A   896 PHE  6752  CB  ---  CD1  7386 ILE     3 C  3.89    -
N P L A   897 SER  6764  OG  ---  CG2  7385 ILE     3 C  3.58    -
N P L A   900 ASN  6785  O   ---  CE2  7413 PHE     6 C  3.83    -
N P L A   900 ASN  6785  O   ---  CZ   7414 PHE     6 C  3.63    -
N P L A   900 ASN  6787  CG  ---  CG   7409 PHE     6 C  3.59    -
N P L A   900 ASN  6787  CG  ---  CD1  7410 PHE     6 C  3.62    -
N P L A   900 ASN  6788  OD1 ---  CB   7408 PHE     6 C  3.60    -
N P L A   900 ASN  6788  OD1 ---  CG   7409 PHE     6 C  3.55    -
N P L A   900 ASN  6788  OD1 ---  CD2  7411 PHE     6 C  3.82    -
N P L A   900 ASN  6789  ND2 ---  CB   7408 PHE     6 C  3.86    -
N P L A   900 ASN  6789  ND2 ---  CG   7409 PHE     6 C  3.75    -
N P L A   900 ASN  6789  ND2 ---  CD1  7410 PHE     6 C  3.50    -
N P L A   903 GLN  6813  OE1 ---  CD2  7411 PHE     6 C  3.69    -
N P L A   903 GLN  6813  OE1 ---  CE2  7413 PHE     6 C  3.85    -
N P L A   903 GLN  6814  NE2 ---  CD2  7411 PHE     6 C  3.90    -
N P L A   907 ARG  6843  NH1 ---  CE2  7413 PHE     6 C  3.73    -
N P L A   963 THR  7322  O   ---  O3   7607 SO4  1021 A  3.89    -
N P L A   964 GLU  7327  CA  ---  O3   7607 SO4  1021 A  3.85    -
N P L A   967 LYS  7355  CD  ---  O2   7606 SO4  1021 A  3.56    -
N P L A   967 LYS  7355  CD  ---  O3   7607 SO4  1021 A  3.72    -
N P L A   967 LYS  7356  CE  ---  O3   7607 SO4  1021 A  3.73    -
N P L A   967 LYS  7357  NZ  ---  S    7604 SO4  1021 A  3.59    -
N P L A   967 LYS  7357  NZ  ---  O2   7606 SO4  1021 A  3.31    -
N P L A   967 LYS  7357  NZ  ---  O3   7607 SO4  1021 A  2.70    -
