# Grow v2.00  output from newsec
H P M G     8 THR 11243  OG1 --> MG   49321  MG   301 G  2.71    -
H P M G     8 THR 11243  OG1 <-- MG   49321  MG   301 G  2.71    -
H P M G   111 ARG 12049  NH1 --> CL   49322  CL   302 G  3.15    -
H P M G   114 ASN 12070  OD1 <-- CL   49322  CL   302 G  2.96    -
H P M G   119 TYR 12106  O   <-- MG   49321  MG   301 G  2.94    -
H P M G   122 ARG 12134  O   <-- MG   49321  MG   301 G  2.80    -
H P M G   123 ALA 12145  O   <-- MG   49321  MG   301 G  3.23    -
H P M G   125 MET 12162  O   <-- MG   49321  MG   301 G  2.31    -
H P M H    69 TYR 13597  OH  --> CL   49322  CL   302 G  2.65    -
H P M H    69 TYR 13597  OH  <-- CL   49322  CL   302 G  2.65    -
H P M I   174 ALA 16107  O   <-- MG   49323  MG   301 I  2.59    -
H P M I   177 ASP 16131  O   <-- MG   49323  MG   301 I  2.51    -
H P M I   180 SER 16152  O   <-- MG   49323  MG   301 I  2.66    -
H P M I   204 ASP 16353  O   <-- MG   49324  MG   302 I  2.35    -
H P L K    21 THR 18071  N   -->  O   49210 ALA     3 c  3.13    -
H P L K    21 THR 18074  O   <--  N   49207 ALA     3 c  2.93    -
H P L K    47 GLY 18266  N   -->  O   49215 PHL     4 c  3.16    -
H P L K    47 GLY 18269  O   <--  N   49212 PHL     4 c  2.86    -
H P L K   131 SER 18914  N   -->  O1S 49335 MES   302 K  2.74    -
H P M K   165 ALA 19182  O   <-- MG   49325  MG   301 K  2.28    -
H P M K   168 ASP 19208  O   <-- MG   49325  MG   301 K  2.18    -
H P M K   171 SER 19233  O   <-- MG   49325  MG   301 K  2.85    -
H P M L   222 ASP 21330  OXT <-- MG   49338  MG   301 L  2.33    -
H P L N    21 THR 23230  N   -->  O   49241 ALA     3 d  3.17    -
H P L N    21 THR 23233  O   <--  N   49238 ALA     3 d  3.04    -
H P L N    47 GLY 23439  N   -->  O   49246 PHL     4 d  3.10    -
H P L N    47 GLY 23442  O   <--  N   49243 PHL     4 d  2.94    -
H P M N   163 ILE 24332  O   <-- MG   49339  MG   201 N  2.54    -
H P M N   166 ASP 24363  O   <-- MG   49339  MG   201 N  2.83    -
H P M N   169 SER 24381  O   <-- MG   49339  MG   201 N  2.44    -
H P M U   111 ARG 36647  NH1 --> CL   49340  CL   301 U  3.11    -
H P M U   114 ASN 36668  OD1 <-- CL   49340  CL   301 U  2.92    -
H P M V    69 TYR 38195  OH  --> CL   49340  CL   301 U  3.03    -
H P M V    69 TYR 38195  OH  <-- CL   49340  CL   301 U  3.03    -
H P M V   163 ILE 38902  O   <-- MG   49338  MG   301 L  2.11    -
H P M V   166 ASP 38932  O   <-- MG   49338  MG   301 L  2.19    -
H P M V   169 SER 38952  O   <-- MG   49338  MG   301 L  2.91    -
H P M W   204 ASP 40951  O   <-- MG   49325  MG   301 K  2.32    -
H P L Y    21 THR 42669  N   -->  O   49272 ALA     3 e  3.34    -
H P L Y    21 THR 42672  O   <--  N   49269 ALA     3 e  3.15    -
H P L Y    21 THR 42674  OG1 -->  O   49285 POL     5 e  3.21    -
H P L Y    21 THR 42674  OG1 <--  O   49285 POL     5 e  3.21    -
H P L Y    47 GLY 42864  N   -->  O   49277 PHL     4 e  2.91    -
H P L Y    47 GLY 42867  O   <--  N   49274 PHL     4 e  2.77    -
H P L Y   131 SER 43512  N   -->  O1S 49351 MES   101 e  2.91    -
H P M Y   165 ALA 43780  O   <-- MG   49324  MG   302 I  2.30    -
H P M Y   168 ASP 43806  O   <-- MG   49324  MG   302 I  2.20    -
H P M Y   171 SER 43831  O   <-- MG   49324  MG   302 I  2.81    -
H P M Z   192 THR 45674  O   <-- MG   49341  MG   301 Z  2.74    -
H P M Z   195 HIS 45701  O   <-- MG   49341  MG   301 Z  3.01    -
H P M Z   198 VAL 45728  O   <-- MG   49341  MG   301 Z  2.54    -
H P L b    21 THR 47828  N   -->  O   49303 ALA     3 f  3.28    -
H P L b    21 THR 47831  O   <--  N   49300 ALA     3 f  3.18    -
H P L b    47 GLY 48037  N   -->  O   49308 PHL     4 f  3.06    -
H P L b    47 GLY 48040  O   <--  N   49305 PHL     4 f  2.90    -
H P L b    49 ALA 48047  N   -->  O   49296 PRO     2 f  3.31    -
M P M G     8 THR 11242  CB  :-: MG   49321  MG   301 G  3.58    -
M P M G     8 THR 11243  OG1 :-: MG   49321  MG   301 G  2.71    -
M P M G     8 THR 11244  CG2 :-: MG   49321  MG   301 G  3.31    -
M P M G   111 ARG 12046  CD  :-: CL   49322  CL   302 G  3.60    -
M P M G   111 ARG 12049  NH1 :-: CL   49322  CL   302 G  3.15    -
M P M G   114 ASN 12068  CB  :-: CL   49322  CL   302 G  3.64    -
M P M G   114 ASN 12069  CG  :-: CL   49322  CL   302 G  3.69    -
M P M G   114 ASN 12070  OD1 :-: CL   49322  CL   302 G  2.96    -
M P M G   119 TYR 12106  O   :-: MG   49321  MG   301 G  2.94    -
M P M G   122 ARG 12133  C   :-: MG   49321  MG   301 G  3.89    -
M P M G   122 ARG 12134  O   :-: MG   49321  MG   301 G  2.80    -
M P M G   123 ALA 12143  CA  :-: MG   49321  MG   301 G  3.81    -
M P M G   123 ALA 12144  C   :-: MG   49321  MG   301 G  3.69    -
M P M G   123 ALA 12145  O   :-: MG   49321  MG   301 G  3.23    -
M P M G   125 MET 12161  C   :-: MG   49321  MG   301 G  3.38    -
M P M G   125 MET 12162  O   :-: MG   49321  MG   301 G  2.31    -
M P M H    69 TYR 13595  CE2 :-: CL   49322  CL   302 G  3.72    -
M P M H    69 TYR 13596  CZ  :-: CL   49322  CL   302 G  3.60    -
M P M H    69 TYR 13597  OH  :-: CL   49322  CL   302 G  2.65    -
N P L H   114 HIS 13946  CG  ---  CD  49237 PRO     2 d  3.75    -
N P L H   114 HIS 13947  ND1 ---  CD  49237 PRO     2 d  3.57    -
N P L H   114 HIS 13948  CD2 ---  CD  49237 PRO     2 d  3.86    -
N P L H   114 HIS 13949  CE1 ---  CH3 49230 ACE     1 d  3.87    -
N P L H   114 HIS 13949  CE1 ---  CD  49237 PRO     2 d  3.61    -
N P L H   114 HIS 13950  NE2 ---  CH3 49230 ACE     1 d  3.52    -
N P L H   114 HIS 13950  NE2 ---  CD  49237 PRO     2 d  3.79    -
M P M I   174 ALA 16106  C   :-: MG   49323  MG   301 I  3.60    -
M P M I   174 ALA 16107  O   :-: MG   49323  MG   301 I  2.59    -
M P M I   175 ASP 16110  CA  :-: MG   49323  MG   301 I  3.87    -
M P M I   177 ASP 16130  C   :-: MG   49323  MG   301 I  3.68    -
M P M I   177 ASP 16131  O   :-: MG   49323  MG   301 I  2.51    -
M P M I   180 SER 16151  C   :-: MG   49323  MG   301 I  3.84    -
M P M I   180 SER 16152  O   :-: MG   49323  MG   301 I  2.66    -
M P M I   204 ASP 16351  CA  :-: MG   49324  MG   302 I  3.63    -
M P M I   204 ASP 16352  C   :-: MG   49324  MG   302 I  3.10    -
M P M I   204 ASP 16353  O   :-: MG   49324  MG   302 I  2.35    -
N P L K     1 THR 17922  N   ---  C   49214 PHL     4 c  2.55    -
N P L K     1 THR 17922  N   ---  O   49215 PHL     4 c  3.18    -
N P L K     1 THR 17922  N   ---  O   49223 POL     5 c  3.58    -
N P L K     1 THR 17922  N   ---  C1  49224 POL     5 c  2.38    -
N P L K     1 THR 17922  N   ---  C2  49225 POL     5 c  1.49    -
N P L K     1 THR 17922  N   ---  C3  49226 POL     5 c  2.44    -
N P L K     1 THR 17922  N   ---  O1S 49335 MES   302 K  3.48    -
N P L K     1 THR 17923  CA  ---  C   49214 PHL     4 c  2.88    -
N P L K     1 THR 17923  CA  ---  O   49215 PHL     4 c  3.54    -
N P L K     1 THR 17923  CA  ---  C1  49224 POL     5 c  3.71    -
N P L K     1 THR 17923  CA  ---  C2  49225 POL     5 c  2.54    -
N P L K     1 THR 17923  CA  ---  C3  49226 POL     5 c  3.34    -
N P L K     1 THR 17924  C   ---  C2  49225 POL     5 c  3.89    -
N P L K     1 THR 17925  O   ---  O1S 49335 MES   302 K  3.67    -
N P L K     1 THR 17926  CB  ---  CA  49213 PHL     4 c  3.64    -
N P L K     1 THR 17926  CB  ---  C   49214 PHL     4 c  2.33    -
N P L K     1 THR 17926  CB  ---  O   49215 PHL     4 c  2.70    -
N P L K     1 THR 17926  CB  ---  C2  49225 POL     5 c  2.84    -
N P L K     1 THR 17926  CB  ---  C3  49226 POL     5 c  3.88    -
N P L K     1 THR 17926  CB  ---  O1S 49335 MES   302 K  3.61    -
N P L K     1 THR 17927  OG1 ---  N   49212 PHL     4 c  3.60    -
N P L K     1 THR 17927  OG1 ---  CA  49213 PHL     4 c  2.36    -
N P L K     1 THR 17927  OG1 ---  C   49214 PHL     4 c  1.36    -
N P L K     1 THR 17927  OG1 ---  O   49215 PHL     4 c  2.17    -
N P L K     1 THR 17927  OG1 ---  CB  49216 PHL     4 c  2.69    -
N P L K     1 THR 17927  OG1 ---  CG  49217 PHL     4 c  3.90    -
N P L K     1 THR 17927  OG1 ---  C1  49224 POL     5 c  3.63    -
N P L K     1 THR 17927  OG1 ---  C2  49225 POL     5 c  2.38    -
N P L K     1 THR 17927  OG1 ---  C3  49226 POL     5 c  3.18    -
N P L K     1 THR 17928  CG2 ---  C   49214 PHL     4 c  3.54    -
N P L K     1 THR 17928  CG2 ---  O   49215 PHL     4 c  3.89    -
N P L K    19 ARG 18058  O   ---  C3  49226 POL     5 c  3.16    -
N P L K    20 ALA 18067  CA  ---  O   49210 ALA     3 c  3.29    -
N P L K    20 ALA 18068  C   ---  O   49210 ALA     3 c  3.71    -
N P L K    20 ALA 18070  CB  ---  O   49210 ALA     3 c  3.74    -
N P L K    21 THR 18071  N   ---  O   49210 ALA     3 c  3.13    -
N P L K    21 THR 18074  O   ---  N   49200 PRO     2 c  3.89    -
N P L K    21 THR 18074  O   ---  CA  49201 PRO     2 c  3.14    -
N P L K    21 THR 18074  O   ---  C   49202 PRO     2 c  3.48    -
N P L K    21 THR 18074  O   ---  N   49207 ALA     3 c  2.93    -
N P L K    21 THR 18074  O   ---  CA  49208 ALA     3 c  3.87    -
N P L K    21 THR 18074  O   ---  O   49210 ALA     3 c  3.79    -
N P L K    21 THR 18074  O   ---  CB  49211 ALA     3 c  3.71    -
N P L K    27 ALA 18120  CB  ---  CG  49205 PRO     2 c  3.72    -
N P L K    31 VAL 18148  CG1 ---  CE1 49220 PHL     4 c  3.34    -
N P L K    31 VAL 18148  CG1 ---  CE2 49221 PHL     4 c  3.71    -
N P L K    31 VAL 18148  CG1 ---  CZ  49222 PHL     4 c  3.09    -
N P L K    31 VAL 18149  CG2 ---  CE1 49220 PHL     4 c  3.82    -
N P L K    33 LYS 18164  CG  ---  CD2 49219 PHL     4 c  3.89    -
N P L K    33 LYS 18166  CE  ---  CB  49216 PHL     4 c  3.88    -
N P L K    33 LYS 18166  CE  ---  CG  49217 PHL     4 c  3.80    -
N P L K    33 LYS 18167  NZ  ---  CA  49213 PHL     4 c  3.86    -
N P L K    33 LYS 18167  NZ  ---  C   49214 PHL     4 c  3.81    -
N P L K    33 LYS 18167  NZ  ---  C3  49226 POL     5 c  3.77    -
N P L K    47 GLY 18266  N   ---  O   49215 PHL     4 c  3.16    -
N P L K    47 GLY 18266  N   ---  O3S 49337 MES   302 K  3.32    -
N P L K    47 GLY 18267  CA  ---  O3S 49337 MES   302 K  3.20    -
N P L K    47 GLY 18269  O   ---  CA  49208 ALA     3 c  3.30    -
N P L K    47 GLY 18269  O   ---  C   49209 ALA     3 c  3.51    -
N P L K    47 GLY 18269  O   ---  CB  49211 ALA     3 c  3.86    -
N P L K    47 GLY 18269  O   ---  N   49212 PHL     4 c  2.86    -
N P L K    47 GLY 18269  O   ---  CA  49213 PHL     4 c  3.86    -
N P L K    47 GLY 18269  O   ---  O   49215 PHL     4 c  3.73    -
N P L K    47 GLY 18269  O   ---  CB  49216 PHL     4 c  3.68    -
N P L K    49 ALA 18274  N   ---  O   49203 PRO     2 c  3.51    -
N P L K    49 ALA 18278  CB  ---  O   49203 PRO     2 c  3.56    -
N P L K    49 ALA 18278  CB  ---  CE1 49220 PHL     4 c  3.45    -
N P L K    49 ALA 18278  CB  ---  CZ  49222 PHL     4 c  3.52    -
N P L K    96 SER 18654  OG  ---  C3  49328 MES   302 K  3.75    -
N P L K    97 MET 18657  C   ---  C2  49327 MES   302 K  3.80    -
N P L K    97 MET 18658  O   ---  O1  49326 MES   302 K  3.74    -
N P L K    97 MET 18658  O   ---  C2  49327 MES   302 K  3.44    -
N P L K    98 GLY 18664  CA  ---  C6  49331 MES   302 K  3.88    -
N P L K   117 SER 18818  OG  ---  C2  49327 MES   302 K  3.80    -
N P L K   130 GLY 18911  CA  ---  C8  49333 MES   302 K  3.67    -
N P L K   130 GLY 18911  CA  ---  O1S 49335 MES   302 K  3.25    -
N P L K   130 GLY 18912  C   ---  O1S 49335 MES   302 K  3.42    -
N P L K   131 SER 18914  N   ---  S   49334 MES   302 K  3.60    -
N P L K   131 SER 18914  N   ---  O1S 49335 MES   302 K  2.74    -
N P L K   131 SER 18914  N   ---  O2S 49336 MES   302 K  3.65    -
N P L K   131 SER 18915  CA  ---  O1S 49335 MES   302 K  3.74    -
N P L K   131 SER 18918  CB  ---  O1S 49335 MES   302 K  3.66    -
N P L K   131 SER 18918  CB  ---  O2S 49336 MES   302 K  3.57    -
N P L K   131 SER 18919  OG  ---  O1S 49335 MES   302 K  3.61    -
M P M K   165 ALA 19181  C   :-: MG   49325  MG   301 K  3.44    -
M P M K   165 ALA 19182  O   :-: MG   49325  MG   301 K  2.28    -
M P M K   166 HIS 19187  O   :-: MG   49325  MG   301 K  3.72    -
M P M K   168 ASP 19207  C   :-: MG   49325  MG   301 K  3.11    -
M P M K   168 ASP 19208  O   :-: MG   49325  MG   301 K  2.18    -
M P M K   169 ALA 19213  N   :-: MG   49325  MG   301 K  3.69    -
M P M K   169 ALA 19214  CA  :-: MG   49325  MG   301 K  3.56    -
M P M K   169 ALA 19215  C   :-: MG   49325  MG   301 K  3.83    -
M P M K   169 ALA 19216  O   :-: MG   49325  MG   301 K  3.87    -
N P L K   170 TYR 19221  O   ---  C2  49225 POL     5 c  3.63    -
N P L K   170 TYR 19221  O   ---  C3  49226 POL     5 c  3.05    -
M P M K   171 SER 19233  O   :-: MG   49325  MG   301 K  2.85    -
M P M L   222 ASP 21323  CA  :-: MG   49338  MG   301 L  3.61    -
M P M L   222 ASP 21324  C   :-: MG   49338  MG   301 L  3.01    -
M P M L   222 ASP 21325  O   :-: MG   49338  MG   301 L  3.77    -
M P M L   222 ASP 21330  OXT :-: MG   49338  MG   301 L  2.33    -
N P L N     1 THR 23086  N   ---  C   49245 PHL     4 d  2.55    -
N P L N     1 THR 23086  N   ---  O   49246 PHL     4 d  3.23    -
N P L N     1 THR 23086  N   ---  O   49254 POL     5 d  3.39    -
N P L N     1 THR 23086  N   ---  C1  49255 POL     5 d  2.49    -
N P L N     1 THR 23086  N   ---  C2  49256 POL     5 d  1.51    -
N P L N     1 THR 23086  N   ---  C3  49257 POL     5 d  2.44    -
N P L N     1 THR 23087  CA  ---  C   49245 PHL     4 d  2.95    -
N P L N     1 THR 23087  CA  ---  O   49246 PHL     4 d  3.61    -
N P L N     1 THR 23087  CA  ---  C1  49255 POL     5 d  3.83    -
N P L N     1 THR 23087  CA  ---  C2  49256 POL     5 d  2.63    -
N P L N     1 THR 23087  CA  ---  C3  49257 POL     5 d  3.41    -
N P L N     1 THR 23090  CB  ---  CA  49244 PHL     4 d  3.63    -
N P L N     1 THR 23090  CB  ---  C   49245 PHL     4 d  2.35    -
N P L N     1 THR 23090  CB  ---  O   49246 PHL     4 d  2.70    -
N P L N     1 THR 23090  CB  ---  CB  49247 PHL     4 d  3.88    -
N P L N     1 THR 23090  CB  ---  C2  49256 POL     5 d  2.85    -
N P L N     1 THR 23090  CB  ---  C3  49257 POL     5 d  3.86    -
N P L N     1 THR 23091  OG1 ---  N   49243 PHL     4 d  3.65    -
N P L N     1 THR 23091  OG1 ---  CA  49244 PHL     4 d  2.35    -
N P L N     1 THR 23091  OG1 ---  C   49245 PHL     4 d  1.37    -
N P L N     1 THR 23091  OG1 ---  O   49246 PHL     4 d  2.21    -
N P L N     1 THR 23091  OG1 ---  CB  49247 PHL     4 d  2.70    -
N P L N     1 THR 23091  OG1 ---  CG  49248 PHL     4 d  3.82    -
N P L N     1 THR 23091  OG1 ---  C1  49255 POL     5 d  3.62    -
N P L N     1 THR 23091  OG1 ---  C2  49256 POL     5 d  2.34    -
N P L N     1 THR 23091  OG1 ---  C3  49257 POL     5 d  3.08    -
N P L N     1 THR 23092  CG2 ---  C   49245 PHL     4 d  3.56    -
N P L N     1 THR 23092  CG2 ---  O   49246 PHL     4 d  3.83    -
N P L N    19 ARG 23215  O   ---  C3  49257 POL     5 d  3.23    -
N P L N    20 THR 23224  CA  ---  O   49241 ALA     3 d  3.32    -
N P L N    20 THR 23225  C   ---  O   49241 ALA     3 d  3.72    -
N P L N    20 THR 23227  CB  ---  O   49241 ALA     3 d  3.82    -
N P L N    20 THR 23228  OG1 ---  CE1 49251 PHL     4 d  3.66    -
N P L N    20 THR 23229  CG2 ---  CB  49235 PRO     2 d  3.84    -
N P L N    20 THR 23229  CG2 ---  O   49241 ALA     3 d  3.18    -
N P L N    20 THR 23229  CG2 ---  CD1 49249 PHL     4 d  3.75    -
N P L N    20 THR 23229  CG2 ---  CE1 49251 PHL     4 d  3.60    -
N P L N    21 THR 23230  N   ---  O   49241 ALA     3 d  3.17    -
N P L N    21 THR 23233  O   ---  CA  49232 PRO     2 d  3.33    -
N P L N    21 THR 23233  O   ---  C   49233 PRO     2 d  3.63    -
N P L N    21 THR 23233  O   ---  N   49238 ALA     3 d  3.04    -
N P L N    21 THR 23235  OG1 ---  O   49254 POL     5 d  3.59    -
N P L N    22 THR 23243  CG2 ---  N   49231 PRO     2 d  3.73    -
N P L N    22 THR 23243  CG2 ---  CA  49232 PRO     2 d  3.79    -
N P L N    22 THR 23243  CG2 ---  CG  49236 PRO     2 d  3.59    -
N P L N    22 THR 23243  CG2 ---  CD  49237 PRO     2 d  3.73    -
N P L N    31 THR 23310  CG2 ---  CE1 49251 PHL     4 d  3.72    -
N P L N    31 THR 23310  CG2 ---  CZ  49253 PHL     4 d  3.55    -
N P L N    33 LYS 23324  CG  ---  CD2 49250 PHL     4 d  3.75    -
N P L N    33 LYS 23324  CG  ---  CE2 49252 PHL     4 d  3.81    -
N P L N    33 LYS 23327  NZ  ---  C   49245 PHL     4 d  3.85    -
N P L N    33 LYS 23327  NZ  ---  C3  49257 POL     5 d  3.88    -
N P L N    45 ARG 23425  O   ---  CD2 49250 PHL     4 d  3.54    -
N P L N    45 ARG 23430  CZ  ---  CE2 49252 PHL     4 d  3.67    -
N P L N    45 ARG 23431  NH1 ---  CE2 49252 PHL     4 d  3.07    -
N P L N    45 ARG 23431  NH1 ---  CZ  49253 PHL     4 d  3.51    -
N P L N    46 SER 23434  CA  ---  O   49246 PHL     4 d  3.75    -
N P L N    47 GLY 23439  N   ---  O   49246 PHL     4 d  3.10    -
N P L N    47 GLY 23442  O   ---  CA  49239 ALA     3 d  3.36    -
N P L N    47 GLY 23442  O   ---  C   49240 ALA     3 d  3.62    -
N P L N    47 GLY 23442  O   ---  CB  49242 ALA     3 d  3.65    -
N P L N    47 GLY 23442  O   ---  N   49243 PHL     4 d  2.94    -
N P L N    47 GLY 23442  O   ---  O   49246 PHL     4 d  3.64    -
N P L N    47 GLY 23442  O   ---  CB  49247 PHL     4 d  3.82    -
N P L N    49 ALA 23449  N   ---  O   49234 PRO     2 d  3.41    -
N P L N    49 ALA 23453  CB  ---  O   49234 PRO     2 d  3.68    -
N P L N    49 ALA 23453  CB  ---  CE1 49251 PHL     4 d  3.62    -
M P M N   163 ILE 24331  C   :-: MG   49339  MG   201 N  3.70    -
M P M N   163 ILE 24332  O   :-: MG   49339  MG   201 N  2.54    -
M P M N   166 ASP 24363  O   :-: MG   49339  MG   201 N  2.83    -
N P L N   168 SER 24375  O   ---  C2  49256 POL     5 d  3.83    -
N P L N   168 SER 24375  O   ---  C3  49257 POL     5 d  3.09    -
N P L N   168 SER 24376  CB  ---  O   49254 POL     5 d  3.72    -
M P M N   169 SER 24380  C   :-: MG   49339  MG   201 N  3.62    -
M P M N   169 SER 24381  O   :-: MG   49339  MG   201 N  2.44    -
M P M U   111 ARG 36644  CD  :-: CL   49340  CL   301 U  3.69    -
M P M U   111 ARG 36647  NH1 :-: CL   49340  CL   301 U  3.11    -
M P M U   114 ASN 36666  CB  :-: CL   49340  CL   301 U  3.48    -
M P M U   114 ASN 36667  CG  :-: CL   49340  CL   301 U  3.58    -
M P M U   114 ASN 36668  OD1 :-: CL   49340  CL   301 U  2.92    -
M P M V    69 TYR 38195  OH  :-: CL   49340  CL   301 U  3.03    -
N P L V   114 HIS 38544  CG  ---  CD  49299 PRO     2 f  3.78    -
N P L V   114 HIS 38545  ND1 ---  CD  49299 PRO     2 f  3.59    -
N P L V   114 HIS 38546  CD2 ---  CD  49299 PRO     2 f  3.88    -
N P L V   114 HIS 38547  CE1 ---  CD  49299 PRO     2 f  3.61    -
N P L V   114 HIS 38548  NE2 ---  CH3 49292 ACE     1 f  3.61    -
N P L V   114 HIS 38548  NE2 ---  CD  49299 PRO     2 f  3.78    -
N P L V   118 SER 38573  OG  ---  CG  49298 PRO     2 f  3.72    -
M P M V   162 GLY 38898  O   :-: MG   49338  MG   301 L  3.66    -
M P M V   163 ILE 38901  C   :-: MG   49338  MG   301 L  3.14    -
M P M V   163 ILE 38902  O   :-: MG   49338  MG   301 L  2.11    -
M P M V   164 TRP 38909  C   :-: MG   49338  MG   301 L  3.62    -
M P M V   164 TRP 38910  O   :-: MG   49338  MG   301 L  3.57    -
M P M V   166 ASP 38929  N   :-: MG   49338  MG   301 L  3.71    -
M P M V   166 ASP 38931  C   :-: MG   49338  MG   301 L  3.13    -
M P M V   166 ASP 38932  O   :-: MG   49338  MG   301 L  2.19    -
M P M V   169 SER 38952  O   :-: MG   49338  MG   301 L  2.91    -
M P M W   204 ASP 40949  CA  :-: MG   49325  MG   301 K  3.68    -
M P M W   204 ASP 40950  C   :-: MG   49325  MG   301 K  3.10    -
M P M W   204 ASP 40951  O   :-: MG   49325  MG   301 K  2.32    -
N P L Y     1 THR 42520  N   ---  CA  49275 PHL     4 e  3.88    -
N P L Y     1 THR 42520  N   ---  C   49276 PHL     4 e  2.54    -
N P L Y     1 THR 42520  N   ---  O   49277 PHL     4 e  3.24    -
N P L Y     1 THR 42520  N   ---  O   49285 POL     5 e  3.25    -
N P L Y     1 THR 42520  N   ---  C1  49286 POL     5 e  2.46    -
N P L Y     1 THR 42520  N   ---  C2  49287 POL     5 e  1.49    -
N P L Y     1 THR 42520  N   ---  C3  49288 POL     5 e  2.41    -
N P L Y     1 THR 42520  N   ---  O1S 49351 MES   101 e  3.54    -
N P L Y     1 THR 42521  CA  ---  C   49276 PHL     4 e  2.90    -
N P L Y     1 THR 42521  CA  ---  O   49277 PHL     4 e  3.59    -
N P L Y     1 THR 42521  CA  ---  C1  49286 POL     5 e  3.78    -
N P L Y     1 THR 42521  CA  ---  C2  49287 POL     5 e  2.57    -
N P L Y     1 THR 42521  CA  ---  C3  49288 POL     5 e  3.32    -
N P L Y     1 THR 42523  O   ---  O1S 49351 MES   101 e  3.80    -
N P L Y     1 THR 42524  CB  ---  CA  49275 PHL     4 e  3.64    -
N P L Y     1 THR 42524  CB  ---  C   49276 PHL     4 e  2.33    -
N P L Y     1 THR 42524  CB  ---  O   49277 PHL     4 e  2.70    -
N P L Y     1 THR 42524  CB  ---  C2  49287 POL     5 e  2.84    -
N P L Y     1 THR 42524  CB  ---  C3  49288 POL     5 e  3.83    -
N P L Y     1 THR 42524  CB  ---  O1S 49351 MES   101 e  3.86    -
N P L Y     1 THR 42525  OG1 ---  N   49274 PHL     4 e  3.63    -
N P L Y     1 THR 42525  OG1 ---  CA  49275 PHL     4 e  2.37    -
N P L Y     1 THR 42525  OG1 ---  C   49276 PHL     4 e  1.38    -
N P L Y     1 THR 42525  OG1 ---  O   49277 PHL     4 e  2.21    -
N P L Y     1 THR 42525  OG1 ---  CB  49278 PHL     4 e  2.69    -
N P L Y     1 THR 42525  OG1 ---  C1  49286 POL     5 e  3.63    -
N P L Y     1 THR 42525  OG1 ---  C2  49287 POL     5 e  2.38    -
N P L Y     1 THR 42525  OG1 ---  C3  49288 POL     5 e  3.11    -
N P L Y     1 THR 42526  CG2 ---  C   49276 PHL     4 e  3.57    -
N P L Y     1 THR 42526  CG2 ---  O   49277 PHL     4 e  3.84    -
N P L Y    19 ARG 42656  O   ---  C3  49288 POL     5 e  3.04    -
N P L Y    20 ALA 42665  CA  ---  O   49272 ALA     3 e  3.30    -
N P L Y    20 ALA 42666  C   ---  O   49272 ALA     3 e  3.84    -
N P L Y    20 ALA 42668  CB  ---  O   49272 ALA     3 e  3.70    -
N P L Y    21 THR 42669  N   ---  O   49272 ALA     3 e  3.34    -
N P L Y    21 THR 42672  O   ---  CA  49263 PRO     2 e  3.24    -
N P L Y    21 THR 42672  O   ---  C   49264 PRO     2 e  3.64    -
N P L Y    21 THR 42672  O   ---  N   49269 ALA     3 e  3.15    -
N P L Y    21 THR 42672  O   ---  CB  49273 ALA     3 e  3.80    -
N P L Y    21 THR 42674  OG1 ---  O   49285 POL     5 e  3.21    -
N P L Y    27 ALA 42718  CB  ---  CG  49267 PRO     2 e  3.75    -
N P L Y    31 VAL 42746  CG1 ---  CE1 49282 PHL     4 e  3.30    -
N P L Y    31 VAL 42746  CG1 ---  CE2 49283 PHL     4 e  3.64    -
N P L Y    31 VAL 42746  CG1 ---  CZ  49284 PHL     4 e  3.09    -
N P L Y    31 VAL 42747  CG2 ---  CE1 49282 PHL     4 e  3.84    -
N P L Y    33 LYS 42762  CG  ---  CD2 49281 PHL     4 e  3.77    -
N P L Y    33 LYS 42764  CE  ---  CB  49278 PHL     4 e  3.75    -
N P L Y    33 LYS 42764  CE  ---  CG  49279 PHL     4 e  3.77    -
N P L Y    33 LYS 42765  NZ  ---  CA  49275 PHL     4 e  3.79    -
N P L Y    33 LYS 42765  NZ  ---  C   49276 PHL     4 e  3.70    -
N P L Y    33 LYS 42765  NZ  ---  C3  49288 POL     5 e  3.59    -
N P L Y    45 MET 42855  CB  ---  CD2 49281 PHL     4 e  3.83    -
N P L Y    46 ALA 42860  CA  ---  O   49277 PHL     4 e  3.64    -
N P L Y    46 ALA 42861  C   ---  O   49277 PHL     4 e  3.75    -
N P L Y    47 GLY 42864  N   ---  O   49277 PHL     4 e  2.91    -
N P L Y    47 GLY 42864  N   ---  C8  49349 MES   101 e  3.69    -
N P L Y    47 GLY 42864  N   ---  O3S 49353 MES   101 e  3.59    -
N P L Y    47 GLY 42865  CA  ---  O   49277 PHL     4 e  3.82    -
N P L Y    47 GLY 42865  CA  ---  C8  49349 MES   101 e  3.77    -
N P L Y    47 GLY 42865  CA  ---  O3S 49353 MES   101 e  3.34    -
N P L Y    47 GLY 42867  O   ---  CA  49270 ALA     3 e  3.13    -
N P L Y    47 GLY 42867  O   ---  C   49271 ALA     3 e  3.38    -
N P L Y    47 GLY 42867  O   ---  CB  49273 ALA     3 e  3.63    -
N P L Y    47 GLY 42867  O   ---  N   49274 PHL     4 e  2.77    -
N P L Y    47 GLY 42867  O   ---  CA  49275 PHL     4 e  3.85    -
N P L Y    47 GLY 42867  O   ---  O   49277 PHL     4 e  3.58    -
N P L Y    47 GLY 42867  O   ---  CB  49278 PHL     4 e  3.86    -
N P L Y    49 ALA 42872  N   ---  O   49265 PRO     2 e  3.43    -
N P L Y    49 ALA 42876  CB  ---  C   49264 PRO     2 e  3.83    -
N P L Y    49 ALA 42876  CB  ---  O   49265 PRO     2 e  3.43    -
N P L Y    49 ALA 42876  CB  ---  CB  49266 PRO     2 e  3.83    -
N P L Y    49 ALA 42876  CB  ---  CD1 49280 PHL     4 e  3.84    -
N P L Y    49 ALA 42876  CB  ---  CE1 49282 PHL     4 e  3.38    -
N P L Y    49 ALA 42876  CB  ---  CZ  49284 PHL     4 e  3.55    -
N P L Y    96 SER 43252  OG  ---  C3  49344 MES   101 e  3.73    -
N P L Y    97 MET 43256  O   ---  C2  49343 MES   101 e  3.89    -
N P L Y    98 GLY 43262  CA  ---  C6  49347 MES   101 e  3.79    -
N P L Y   117 SER 43416  OG  ---  C2  49343 MES   101 e  3.63    -
N P L Y   130 GLY 43509  CA  ---  O1S 49351 MES   101 e  3.38    -
N P L Y   130 GLY 43510  C   ---  O1S 49351 MES   101 e  3.57    -
N P L Y   131 SER 43512  N   ---  S   49350 MES   101 e  3.82    -
N P L Y   131 SER 43512  N   ---  O1S 49351 MES   101 e  2.91    -
N P L Y   131 SER 43512  N   ---  O2S 49352 MES   101 e  3.70    -
N P L Y   131 SER 43513  CA  ---  O1S 49351 MES   101 e  3.89    -
N P L Y   131 SER 43516  CB  ---  O1S 49351 MES   101 e  3.80    -
N P L Y   131 SER 43516  CB  ---  O2S 49352 MES   101 e  3.79    -
N P L Y   131 SER 43517  OG  ---  O1S 49351 MES   101 e  3.79    -
M P M Y   165 ALA 43779  C   :-: MG   49324  MG   302 I  3.46    -
M P M Y   165 ALA 43780  O   :-: MG   49324  MG   302 I  2.30    -
M P M Y   166 HIS 43785  O   :-: MG   49324  MG   302 I  3.75    -
M P M Y   168 ASP 43805  C   :-: MG   49324  MG   302 I  3.12    -
M P M Y   168 ASP 43806  O   :-: MG   49324  MG   302 I  2.20    -
M P M Y   169 ALA 43811  N   :-: MG   49324  MG   302 I  3.69    -
M P M Y   169 ALA 43812  CA  :-: MG   49324  MG   302 I  3.55    -
M P M Y   169 ALA 43813  C   :-: MG   49324  MG   302 I  3.80    -
M P M Y   169 ALA 43814  O   :-: MG   49324  MG   302 I  3.82    -
N P L Y   170 TYR 43819  O   ---  C2  49287 POL     5 e  3.90    -
N P L Y   170 TYR 43819  O   ---  C3  49288 POL     5 e  3.27    -
M P M Y   171 SER 43831  O   :-: MG   49324  MG   302 I  2.81    -
M P M Z    28 ARG 44365  NH1 :-: MG   49341  MG   301 Z  3.52    -
M P M Z   192 THR 45673  C   :-: MG   49341  MG   301 Z  3.73    -
M P M Z   192 THR 45674  O   :-: MG   49341  MG   301 Z  2.74    -
M P M Z   192 THR 45677  CG2 :-: MG   49341  MG   301 Z  3.66    -
M P M Z   195 HIS 45701  O   :-: MG   49341  MG   301 Z  3.01    -
M P M Z   198 VAL 45727  C   :-: MG   49341  MG   301 Z  3.72    -
M P M Z   198 VAL 45728  O   :-: MG   49341  MG   301 Z  2.54    -
M P M Z   222 ASP 45923  O   :-: MG   49341  MG   301 Z  3.70    -
M P M a    34 LEU 46174  CD1 :-: MG   49339  MG   201 N  3.59    -
N P L b     1 THR 47684  N   ---  CA  49306 PHL     4 f  3.85    -
N P L b     1 THR 47684  N   ---  C   49307 PHL     4 f  2.50    -
N P L b     1 THR 47684  N   ---  O   49308 PHL     4 f  3.13    -
N P L b     1 THR 47684  N   ---  O   49316 POL     5 f  3.24    -
N P L b     1 THR 47684  N   ---  C1  49317 POL     5 f  2.49    -
N P L b     1 THR 47684  N   ---  C2  49318 POL     5 f  1.49    -
N P L b     1 THR 47684  N   ---  C3  49319 POL     5 f  2.41    -
N P L b     1 THR 47685  CA  ---  C   49307 PHL     4 f  2.88    -
N P L b     1 THR 47685  CA  ---  O   49308 PHL     4 f  3.53    -
N P L b     1 THR 47685  CA  ---  C1  49317 POL     5 f  3.83    -
N P L b     1 THR 47685  CA  ---  C2  49318 POL     5 f  2.56    -
N P L b     1 THR 47685  CA  ---  C3  49319 POL     5 f  3.26    -
N P L b     1 THR 47688  CB  ---  CA  49306 PHL     4 f  3.62    -
N P L b     1 THR 47688  CB  ---  C   49307 PHL     4 f  2.33    -
N P L b     1 THR 47688  CB  ---  O   49308 PHL     4 f  2.70    -
N P L b     1 THR 47688  CB  ---  C2  49318 POL     5 f  2.85    -
N P L b     1 THR 47688  CB  ---  C3  49319 POL     5 f  3.79    -
N P L b     1 THR 47689  OG1 ---  N   49305 PHL     4 f  3.63    -
N P L b     1 THR 47689  OG1 ---  CA  49306 PHL     4 f  2.33    -
N P L b     1 THR 47689  OG1 ---  C   49307 PHL     4 f  1.37    -
N P L b     1 THR 47689  OG1 ---  O   49308 PHL     4 f  2.22    -
N P L b     1 THR 47689  OG1 ---  CB  49309 PHL     4 f  2.70    -
N P L b     1 THR 47689  OG1 ---  CG  49310 PHL     4 f  3.78    -
N P L b     1 THR 47689  OG1 ---  C1  49317 POL     5 f  3.63    -
N P L b     1 THR 47689  OG1 ---  C2  49318 POL     5 f  2.35    -
N P L b     1 THR 47689  OG1 ---  C3  49319 POL     5 f  3.05    -
N P L b     1 THR 47690  CG2 ---  C   49307 PHL     4 f  3.57    -
N P L b     1 THR 47690  CG2 ---  O   49308 PHL     4 f  3.88    -
N P L b    19 ARG 47813  O   ---  C3  49319 POL     5 f  3.27    -
N P L b    20 THR 47822  CA  ---  O   49303 ALA     3 f  3.37    -
N P L b    20 THR 47823  C   ---  O   49303 ALA     3 f  3.82    -
N P L b    20 THR 47825  CB  ---  O   49303 ALA     3 f  3.87    -
N P L b    20 THR 47826  OG1 ---  CE1 49313 PHL     4 f  3.55    -
N P L b    20 THR 47827  CG2 ---  CB  49297 PRO     2 f  3.82    -
N P L b    20 THR 47827  CG2 ---  O   49303 ALA     3 f  3.24    -
N P L b    20 THR 47827  CG2 ---  CE1 49313 PHL     4 f  3.78    -
N P L b    21 THR 47828  N   ---  O   49303 ALA     3 f  3.28    -
N P L b    21 THR 47831  O   ---  CA  49294 PRO     2 f  3.27    -
N P L b    21 THR 47831  O   ---  C   49295 PRO     2 f  3.70    -
N P L b    21 THR 47831  O   ---  N   49300 ALA     3 f  3.18    -
N P L b    21 THR 47833  OG1 ---  O   49316 POL     5 f  3.41    -
N P L b    31 THR 47908  CG2 ---  CE1 49313 PHL     4 f  3.70    -
N P L b    31 THR 47908  CG2 ---  CZ  49315 PHL     4 f  3.51    -
N P L b    33 LYS 47922  CG  ---  CD2 49312 PHL     4 f  3.81    -
N P L b    33 LYS 47922  CG  ---  CE2 49314 PHL     4 f  3.83    -
N P L b    33 LYS 47925  NZ  ---  C   49307 PHL     4 f  3.86    -
N P L b    33 LYS 47925  NZ  ---  C3  49319 POL     5 f  3.69    -
N P L b    45 ARG 48023  O   ---  CD2 49312 PHL     4 f  3.56    -
N P L b    45 ARG 48028  CZ  ---  CE2 49314 PHL     4 f  3.64    -
N P L b    45 ARG 48029  NH1 ---  CE2 49314 PHL     4 f  3.09    -
N P L b    45 ARG 48029  NH1 ---  CZ  49315 PHL     4 f  3.69    -
N P L b    46 SER 48032  CA  ---  O   49308 PHL     4 f  3.68    -
N P L b    46 SER 48033  C   ---  O   49308 PHL     4 f  3.86    -
N P L b    46 SER 48035  CB  ---  O   49308 PHL     4 f  3.90    -
N P L b    47 GLY 48037  N   ---  O   49308 PHL     4 f  3.06    -
N P L b    47 GLY 48040  O   ---  CA  49301 ALA     3 f  3.31    -
N P L b    47 GLY 48040  O   ---  C   49302 ALA     3 f  3.56    -
N P L b    47 GLY 48040  O   ---  CB  49304 ALA     3 f  3.67    -
N P L b    47 GLY 48040  O   ---  N   49305 PHL     4 f  2.90    -
N P L b    47 GLY 48040  O   ---  CA  49306 PHL     4 f  3.88    -
N P L b    47 GLY 48040  O   ---  O   49308 PHL     4 f  3.70    -
N P L b    47 GLY 48040  O   ---  CB  49309 PHL     4 f  3.72    -
N P L b    49 ALA 48047  N   ---  O   49296 PRO     2 f  3.31    -
N P L b    49 ALA 48051  CB  ---  O   49296 PRO     2 f  3.63    -
N P L b    49 ALA 48051  CB  ---  CB  49297 PRO     2 f  3.87    -
N P L b    49 ALA 48051  CB  ---  CE1 49313 PHL     4 f  3.68    -
N P L b   168 SER 48973  O   ---  C2  49318 POL     5 f  3.88    -
N P L b   168 SER 48973  O   ---  C3  49319 POL     5 f  3.04    -
N P L b   168 SER 48974  CB  ---  O   49316 POL     5 f  3.49    -
